[2018-03-18T13:14:52,431][INFO ][logstash.modules.scaffold] Initializing module {:module_name=>"netflow", :directory=>"/home/marjan/Documents/LogAnalyzer/logstash/modules/netflow/configuration"}
[2018-03-18T13:14:52,553][INFO ][logstash.modules.scaffold] Initializing module {:module_name=>"fb_apache", :directory=>"/home/marjan/Documents/LogAnalyzer/logstash/modules/fb_apache/configuration"}
[2018-03-18T13:14:52,630][FATAL][logstash.runner          ] An unexpected error occurred! {:error=>#<ArgumentError: Setting "xpack.monitoring.elasticsearch.username" hasn't been registered>, :backtrace=>["/home/marjan/Documents/LogAnalyzer/logstash/logstash-core/lib/logstash/settings.rb:37:in `get_setting'", "/home/marjan/Documents/LogAnalyzer/logstash/logstash-core/lib/logstash/settings.rb:70:in `set_value'", "/home/marjan/Documents/LogAnalyzer/logstash/logstash-core/lib/logstash/settings.rb:89:in `block in merge'", "org/jruby/RubyHash.java:1343:in `each'", "/home/marjan/Documents/LogAnalyzer/logstash/logstash-core/lib/logstash/settings.rb:89:in `merge'", "/home/marjan/Documents/LogAnalyzer/logstash/logstash-core/lib/logstash/settings.rb:138:in `validate_all'", "/home/marjan/Documents/LogAnalyzer/logstash/logstash-core/lib/logstash/runner.rb:264:in `execute'", "/home/marjan/Documents/LogAnalyzer/logstash/vendor/bundle/jruby/2.3.0/gems/clamp-0.6.5/lib/clamp/command.rb:67:in `run'", "/home/marjan/Documents/LogAnalyzer/logstash/logstash-core/lib/logstash/runner.rb:219:in `run'", "/home/marjan/Documents/LogAnalyzer/logstash/vendor/bundle/jruby/2.3.0/gems/clamp-0.6.5/lib/clamp/command.rb:132:in `run'", "/home/marjan/Documents/LogAnalyzer/logstash/lib/bootstrap/environment.rb:67:in `<main>'"]}
[2018-03-18T13:14:52,645][ERROR][org.logstash.Logstash    ] java.lang.IllegalStateException: org.jruby.exceptions.RaiseException: (SystemExit) exit
[2018-03-18T13:15:54,574][INFO ][logstash.modules.scaffold] Initializing module {:module_name=>"netflow", :directory=>"/home/marjan/Documents/LogAnalyzer/logstash/modules/netflow/configuration"}
[2018-03-18T13:15:54,591][INFO ][logstash.modules.scaffold] Initializing module {:module_name=>"fb_apache", :directory=>"/home/marjan/Documents/LogAnalyzer/logstash/modules/fb_apache/configuration"}
[2018-03-18T13:15:54,643][FATAL][logstash.runner          ] An unexpected error occurred! {:error=>#<ArgumentError: Setting "xpack.monitoring.elasticsearch.username" hasn't been registered>, :backtrace=>["/home/marjan/Documents/LogAnalyzer/logstash/logstash-core/lib/logstash/settings.rb:37:in `get_setting'", "/home/marjan/Documents/LogAnalyzer/logstash/logstash-core/lib/logstash/settings.rb:70:in `set_value'", "/home/marjan/Documents/LogAnalyzer/logstash/logstash-core/lib/logstash/settings.rb:89:in `block in merge'", "org/jruby/RubyHash.java:1343:in `each'", "/home/marjan/Documents/LogAnalyzer/logstash/logstash-core/lib/logstash/settings.rb:89:in `merge'", "/home/marjan/Documents/LogAnalyzer/logstash/logstash-core/lib/logstash/settings.rb:138:in `validate_all'", "/home/marjan/Documents/LogAnalyzer/logstash/logstash-core/lib/logstash/runner.rb:264:in `execute'", "/home/marjan/Documents/LogAnalyzer/logstash/vendor/bundle/jruby/2.3.0/gems/clamp-0.6.5/lib/clamp/command.rb:67:in `run'", "/home/marjan/Documents/LogAnalyzer/logstash/logstash-core/lib/logstash/runner.rb:219:in `run'", "/home/marjan/Documents/LogAnalyzer/logstash/vendor/bundle/jruby/2.3.0/gems/clamp-0.6.5/lib/clamp/command.rb:132:in `run'", "/home/marjan/Documents/LogAnalyzer/logstash/lib/bootstrap/environment.rb:67:in `<main>'"]}
[2018-03-18T13:15:54,662][ERROR][org.logstash.Logstash    ] java.lang.IllegalStateException: org.jruby.exceptions.RaiseException: (SystemExit) exit
[2018-03-18T13:18:31,975][INFO ][logstash.modules.scaffold] Initializing module {:module_name=>"netflow", :directory=>"/home/marjan/Documents/LogAnalyzer/logstash/modules/netflow/configuration"}
[2018-03-18T13:18:31,993][INFO ][logstash.modules.scaffold] Initializing module {:module_name=>"fb_apache", :directory=>"/home/marjan/Documents/LogAnalyzer/logstash/modules/fb_apache/configuration"}
[2018-03-18T13:18:32,045][FATAL][logstash.runner          ] An unexpected error occurred! {:error=>#<ArgumentError: Setting "xpack.monitoring.elasticsearch.username" hasn't been registered>, :backtrace=>["/home/marjan/Documents/LogAnalyzer/logstash/logstash-core/lib/logstash/settings.rb:37:in `get_setting'", "/home/marjan/Documents/LogAnalyzer/logstash/logstash-core/lib/logstash/settings.rb:70:in `set_value'", "/home/marjan/Documents/LogAnalyzer/logstash/logstash-core/lib/logstash/settings.rb:89:in `block in merge'", "org/jruby/RubyHash.java:1343:in `each'", "/home/marjan/Documents/LogAnalyzer/logstash/logstash-core/lib/logstash/settings.rb:89:in `merge'", "/home/marjan/Documents/LogAnalyzer/logstash/logstash-core/lib/logstash/settings.rb:138:in `validate_all'", "/home/marjan/Documents/LogAnalyzer/logstash/logstash-core/lib/logstash/runner.rb:264:in `execute'", "/home/marjan/Documents/LogAnalyzer/logstash/vendor/bundle/jruby/2.3.0/gems/clamp-0.6.5/lib/clamp/command.rb:67:in `run'", "/home/marjan/Documents/LogAnalyzer/logstash/logstash-core/lib/logstash/runner.rb:219:in `run'", "/home/marjan/Documents/LogAnalyzer/logstash/vendor/bundle/jruby/2.3.0/gems/clamp-0.6.5/lib/clamp/command.rb:132:in `run'", "/home/marjan/Documents/LogAnalyzer/logstash/lib/bootstrap/environment.rb:67:in `<main>'"]}
[2018-03-18T13:18:32,057][ERROR][org.logstash.Logstash    ] java.lang.IllegalStateException: org.jruby.exceptions.RaiseException: (SystemExit) exit
[2018-03-18T13:20:00,824][INFO ][logstash.modules.scaffold] Initializing module {:module_name=>"netflow", :directory=>"/home/marjan/Documents/LogAnalyzer/logstash/modules/netflow/configuration"}
[2018-03-18T13:20:00,853][INFO ][logstash.modules.scaffold] Initializing module {:module_name=>"fb_apache", :directory=>"/home/marjan/Documents/LogAnalyzer/logstash/modules/fb_apache/configuration"}
[2018-03-18T13:20:00,949][FATAL][logstash.runner          ] An unexpected error occurred! {:error=>#<ArgumentError: Setting "xpack.monitoring.elasticsearch.username" hasn't been registered>, :backtrace=>["/home/marjan/Documents/LogAnalyzer/logstash/logstash-core/lib/logstash/settings.rb:37:in `get_setting'", "/home/marjan/Documents/LogAnalyzer/logstash/logstash-core/lib/logstash/settings.rb:70:in `set_value'", "/home/marjan/Documents/LogAnalyzer/logstash/logstash-core/lib/logstash/settings.rb:89:in `block in merge'", "org/jruby/RubyHash.java:1343:in `each'", "/home/marjan/Documents/LogAnalyzer/logstash/logstash-core/lib/logstash/settings.rb:89:in `merge'", "/home/marjan/Documents/LogAnalyzer/logstash/logstash-core/lib/logstash/settings.rb:138:in `validate_all'", "/home/marjan/Documents/LogAnalyzer/logstash/logstash-core/lib/logstash/runner.rb:264:in `execute'", "/home/marjan/Documents/LogAnalyzer/logstash/vendor/bundle/jruby/2.3.0/gems/clamp-0.6.5/lib/clamp/command.rb:67:in `run'", "/home/marjan/Documents/LogAnalyzer/logstash/logstash-core/lib/logstash/runner.rb:219:in `run'", "/home/marjan/Documents/LogAnalyzer/logstash/vendor/bundle/jruby/2.3.0/gems/clamp-0.6.5/lib/clamp/command.rb:132:in `run'", "/home/marjan/Documents/LogAnalyzer/logstash/lib/bootstrap/environment.rb:67:in `<main>'"]}
[2018-03-18T13:20:00,965][ERROR][org.logstash.Logstash    ] java.lang.IllegalStateException: org.jruby.exceptions.RaiseException: (SystemExit) exit
[2018-03-18T13:22:09,528][INFO ][logstash.modules.scaffold] Initializing module {:module_name=>"netflow", :directory=>"/home/marjan/Documents/LogAnalyzer/logstash/modules/netflow/configuration"}
[2018-03-18T13:22:09,545][INFO ][logstash.modules.scaffold] Initializing module {:module_name=>"fb_apache", :directory=>"/home/marjan/Documents/LogAnalyzer/logstash/modules/fb_apache/configuration"}
[2018-03-18T13:22:10,115][ERROR][org.logstash.Logstash    ] java.lang.IllegalStateException: org.jruby.exceptions.RaiseException: (SystemExit) exit
[2018-03-18T13:22:45,793][INFO ][logstash.modules.scaffold] Initializing module {:module_name=>"netflow", :directory=>"/home/marjan/Documents/LogAnalyzer/logstash/modules/netflow/configuration"}
[2018-03-18T13:22:45,811][INFO ][logstash.modules.scaffold] Initializing module {:module_name=>"fb_apache", :directory=>"/home/marjan/Documents/LogAnalyzer/logstash/modules/fb_apache/configuration"}
[2018-03-18T13:22:46,251][WARN ][logstash.config.source.multilocal] Ignoring the 'pipelines.yml' file because modules or command line options are specified
[2018-03-18T13:22:46,990][INFO ][logstash.runner          ] Starting Logstash {"logstash.version"=>"6.2.2"}
[2018-03-18T13:22:47,515][INFO ][logstash.agent           ] Successfully started Logstash API endpoint {:port=>9600}
[2018-03-18T13:22:50,799][INFO ][logstash.pipeline        ] Starting pipeline {:pipeline_id=>"main", "pipeline.workers"=>4, "pipeline.batch.size"=>125, "pipeline.batch.delay"=>50}
[2018-03-18T13:22:51,183][INFO ][logstash.outputs.elasticsearch] Elasticsearch pool URLs updated {:changes=>{:removed=>[], :added=>[http://localhost:9200/]}}
[2018-03-18T13:22:51,193][INFO ][logstash.outputs.elasticsearch] Running health check to see if an Elasticsearch connection is working {:healthcheck_url=>http://localhost:9200/, :path=>"/"}
[2018-03-18T13:22:51,413][WARN ][logstash.outputs.elasticsearch] Attempted to resurrect connection to dead ES instance, but got an error. {:url=>"http://localhost:9200/", :error_type=>LogStash::Outputs::ElasticSearch::HttpClient::Pool::BadResponseCodeError, :error=>"Got response code '401' contacting Elasticsearch at URL 'http://localhost:9200/'"}
[2018-03-18T13:22:51,426][INFO ][logstash.outputs.elasticsearch] Using mapping template from {:path=>nil}
[2018-03-18T13:22:51,446][ERROR][logstash.outputs.elasticsearch] Failed to install template. {:message=>"Template file '' could not be found!", :class=>"ArgumentError", :backtrace=>["/home/marjan/Documents/LogAnalyzer/logstash/vendor/bundle/jruby/2.3.0/gems/logstash-output-elasticsearch-9.0.2-java/lib/logstash/outputs/elasticsearch/template_manager.rb:31:in `read_template_file'", "/home/marjan/Documents/LogAnalyzer/logstash/vendor/bundle/jruby/2.3.0/gems/logstash-output-elasticsearch-9.0.2-java/lib/logstash/outputs/elasticsearch/template_manager.rb:17:in `get_template'", "/home/marjan/Documents/LogAnalyzer/logstash/vendor/bundle/jruby/2.3.0/gems/logstash-output-elasticsearch-9.0.2-java/lib/logstash/outputs/elasticsearch/template_manager.rb:7:in `install_template'", "/home/marjan/Documents/LogAnalyzer/logstash/vendor/bundle/jruby/2.3.0/gems/logstash-output-elasticsearch-9.0.2-java/lib/logstash/outputs/elasticsearch/common.rb:57:in `install_template'", "/home/marjan/Documents/LogAnalyzer/logstash/vendor/bundle/jruby/2.3.0/gems/logstash-output-elasticsearch-9.0.2-java/lib/logstash/outputs/elasticsearch/common.rb:26:in `register'", "/home/marjan/Documents/LogAnalyzer/logstash/logstash-core/lib/logstash/output_delegator_strategies/shared.rb:9:in `register'", "/home/marjan/Documents/LogAnalyzer/logstash/logstash-core/lib/logstash/output_delegator.rb:42:in `register'", "/home/marjan/Documents/LogAnalyzer/logstash/logstash-core/lib/logstash/pipeline.rb:341:in `register_plugin'", "/home/marjan/Documents/LogAnalyzer/logstash/logstash-core/lib/logstash/pipeline.rb:352:in `block in register_plugins'", "org/jruby/RubyArray.java:1734:in `each'", "/home/marjan/Documents/LogAnalyzer/logstash/logstash-core/lib/logstash/pipeline.rb:352:in `register_plugins'", "/home/marjan/Documents/LogAnalyzer/logstash/logstash-core/lib/logstash/pipeline.rb:735:in `maybe_setup_out_plugins'", "/home/marjan/Documents/LogAnalyzer/logstash/logstash-core/lib/logstash/pipeline.rb:362:in `start_workers'", "/home/marjan/Documents/LogAnalyzer/logstash/logstash-core/lib/logstash/pipeline.rb:289:in `run'", "/home/marjan/Documents/LogAnalyzer/logstash/logstash-core/lib/logstash/pipeline.rb:249:in `block in start'"]}
[2018-03-18T13:22:51,455][INFO ][logstash.outputs.elasticsearch] New Elasticsearch output {:class=>"LogStash::Outputs::ElasticSearch", :hosts=>["//localhost:9200"]}
[2018-03-18T13:22:51,569][INFO ][logstash.pipeline        ] Pipeline started succesfully {:pipeline_id=>"main", :thread=>"#<Thread:0x5d49fac3 run>"}
[2018-03-18T13:22:51,642][INFO ][logstash.agent           ] Pipelines running {:count=>1, :pipelines=>["main"]}
[2018-03-18T13:22:56,426][INFO ][logstash.outputs.elasticsearch] Running health check to see if an Elasticsearch connection is working {:healthcheck_url=>http://localhost:9200/, :path=>"/"}
[2018-03-18T13:22:56,442][WARN ][logstash.outputs.elasticsearch] Attempted to resurrect connection to dead ES instance, but got an error. {:url=>"http://localhost:9200/", :error_type=>LogStash::Outputs::ElasticSearch::HttpClient::Pool::BadResponseCodeError, :error=>"Got response code '401' contacting Elasticsearch at URL 'http://localhost:9200/'"}
[2018-03-18T13:23:01,444][INFO ][logstash.outputs.elasticsearch] Running health check to see if an Elasticsearch connection is working {:healthcheck_url=>http://localhost:9200/, :path=>"/"}
[2018-03-18T13:23:01,449][WARN ][logstash.outputs.elasticsearch] Attempted to resurrect connection to dead ES instance, but got an error. {:url=>"http://localhost:9200/", :error_type=>LogStash::Outputs::ElasticSearch::HttpClient::Pool::BadResponseCodeError, :error=>"Got response code '401' contacting Elasticsearch at URL 'http://localhost:9200/'"}
[2018-03-18T13:23:06,451][INFO ][logstash.outputs.elasticsearch] Running health check to see if an Elasticsearch connection is working {:healthcheck_url=>http://localhost:9200/, :path=>"/"}
[2018-03-18T13:23:06,455][WARN ][logstash.outputs.elasticsearch] Attempted to resurrect connection to dead ES instance, but got an error. {:url=>"http://localhost:9200/", :error_type=>LogStash::Outputs::ElasticSearch::HttpClient::Pool::BadResponseCodeError, :error=>"Got response code '401' contacting Elasticsearch at URL 'http://localhost:9200/'"}
[2018-03-18T13:23:11,457][INFO ][logstash.outputs.elasticsearch] Running health check to see if an Elasticsearch connection is working {:healthcheck_url=>http://localhost:9200/, :path=>"/"}
[2018-03-18T13:23:11,462][WARN ][logstash.outputs.elasticsearch] Attempted to resurrect connection to dead ES instance, but got an error. {:url=>"http://localhost:9200/", :error_type=>LogStash::Outputs::ElasticSearch::HttpClient::Pool::BadResponseCodeError, :error=>"Got response code '401' contacting Elasticsearch at URL 'http://localhost:9200/'"}
[2018-03-18T13:23:16,464][INFO ][logstash.outputs.elasticsearch] Running health check to see if an Elasticsearch connection is working {:healthcheck_url=>http://localhost:9200/, :path=>"/"}
[2018-03-18T13:23:16,471][WARN ][logstash.outputs.elasticsearch] Attempted to resurrect connection to dead ES instance, but got an error. {:url=>"http://localhost:9200/", :error_type=>LogStash::Outputs::ElasticSearch::HttpClient::Pool::BadResponseCodeError, :error=>"Got response code '401' contacting Elasticsearch at URL 'http://localhost:9200/'"}
[2018-03-18T13:23:21,473][INFO ][logstash.outputs.elasticsearch] Running health check to see if an Elasticsearch connection is working {:healthcheck_url=>http://localhost:9200/, :path=>"/"}
[2018-03-18T13:23:21,477][WARN ][logstash.outputs.elasticsearch] Attempted to resurrect connection to dead ES instance, but got an error. {:url=>"http://localhost:9200/", :error_type=>LogStash::Outputs::ElasticSearch::HttpClient::Pool::BadResponseCodeError, :error=>"Got response code '401' contacting Elasticsearch at URL 'http://localhost:9200/'"}
[2018-03-18T13:23:26,479][INFO ][logstash.outputs.elasticsearch] Running health check to see if an Elasticsearch connection is working {:healthcheck_url=>http://localhost:9200/, :path=>"/"}
[2018-03-18T13:23:26,485][WARN ][logstash.outputs.elasticsearch] Attempted to resurrect connection to dead ES instance, but got an error. {:url=>"http://localhost:9200/", :error_type=>LogStash::Outputs::ElasticSearch::HttpClient::Pool::BadResponseCodeError, :error=>"Got response code '401' contacting Elasticsearch at URL 'http://localhost:9200/'"}
[2018-03-18T13:23:31,487][INFO ][logstash.outputs.elasticsearch] Running health check to see if an Elasticsearch connection is working {:healthcheck_url=>http://localhost:9200/, :path=>"/"}
[2018-03-18T13:23:31,492][WARN ][logstash.outputs.elasticsearch] Attempted to resurrect connection to dead ES instance, but got an error. {:url=>"http://localhost:9200/", :error_type=>LogStash::Outputs::ElasticSearch::HttpClient::Pool::BadResponseCodeError, :error=>"Got response code '401' contacting Elasticsearch at URL 'http://localhost:9200/'"}
[2018-03-18T13:23:36,494][INFO ][logstash.outputs.elasticsearch] Running health check to see if an Elasticsearch connection is working {:healthcheck_url=>http://localhost:9200/, :path=>"/"}
[2018-03-18T13:23:36,498][WARN ][logstash.outputs.elasticsearch] Attempted to resurrect connection to dead ES instance, but got an error. {:url=>"http://localhost:9200/", :error_type=>LogStash::Outputs::ElasticSearch::HttpClient::Pool::BadResponseCodeError, :error=>"Got response code '401' contacting Elasticsearch at URL 'http://localhost:9200/'"}
[2018-03-18T13:23:41,500][INFO ][logstash.outputs.elasticsearch] Running health check to see if an Elasticsearch connection is working {:healthcheck_url=>http://localhost:9200/, :path=>"/"}
[2018-03-18T13:23:41,505][WARN ][logstash.outputs.elasticsearch] Attempted to resurrect connection to dead ES instance, but got an error. {:url=>"http://localhost:9200/", :error_type=>LogStash::Outputs::ElasticSearch::HttpClient::Pool::BadResponseCodeError, :error=>"Got response code '401' contacting Elasticsearch at URL 'http://localhost:9200/'"}
[2018-03-18T13:23:46,506][INFO ][logstash.outputs.elasticsearch] Running health check to see if an Elasticsearch connection is working {:healthcheck_url=>http://localhost:9200/, :path=>"/"}
[2018-03-18T13:23:46,511][WARN ][logstash.outputs.elasticsearch] Attempted to resurrect connection to dead ES instance, but got an error. {:url=>"http://localhost:9200/", :error_type=>LogStash::Outputs::ElasticSearch::HttpClient::Pool::BadResponseCodeError, :error=>"Got response code '401' contacting Elasticsearch at URL 'http://localhost:9200/'"}
[2018-03-18T13:23:51,513][INFO ][logstash.outputs.elasticsearch] Running health check to see if an Elasticsearch connection is working {:healthcheck_url=>http://localhost:9200/, :path=>"/"}
[2018-03-18T13:23:51,517][WARN ][logstash.outputs.elasticsearch] Attempted to resurrect connection to dead ES instance, but got an error. {:url=>"http://localhost:9200/", :error_type=>LogStash::Outputs::ElasticSearch::HttpClient::Pool::BadResponseCodeError, :error=>"Got response code '401' contacting Elasticsearch at URL 'http://localhost:9200/'"}
[2018-03-18T13:23:56,518][INFO ][logstash.outputs.elasticsearch] Running health check to see if an Elasticsearch connection is working {:healthcheck_url=>http://localhost:9200/, :path=>"/"}
[2018-03-18T13:23:56,523][WARN ][logstash.outputs.elasticsearch] Attempted to resurrect connection to dead ES instance, but got an error. {:url=>"http://localhost:9200/", :error_type=>LogStash::Outputs::ElasticSearch::HttpClient::Pool::BadResponseCodeError, :error=>"Got response code '401' contacting Elasticsearch at URL 'http://localhost:9200/'"}
[2018-03-18T13:24:01,524][INFO ][logstash.outputs.elasticsearch] Running health check to see if an Elasticsearch connection is working {:healthcheck_url=>http://localhost:9200/, :path=>"/"}
[2018-03-18T13:24:01,530][WARN ][logstash.outputs.elasticsearch] Attempted to resurrect connection to dead ES instance, but got an error. {:url=>"http://localhost:9200/", :error_type=>LogStash::Outputs::ElasticSearch::HttpClient::Pool::BadResponseCodeError, :error=>"Got response code '401' contacting Elasticsearch at URL 'http://localhost:9200/'"}
[2018-03-18T13:24:06,531][INFO ][logstash.outputs.elasticsearch] Running health check to see if an Elasticsearch connection is working {:healthcheck_url=>http://localhost:9200/, :path=>"/"}
[2018-03-18T13:24:06,539][WARN ][logstash.outputs.elasticsearch] Attempted to resurrect connection to dead ES instance, but got an error. {:url=>"http://localhost:9200/", :error_type=>LogStash::Outputs::ElasticSearch::HttpClient::Pool::BadResponseCodeError, :error=>"Got response code '401' contacting Elasticsearch at URL 'http://localhost:9200/'"}
[2018-03-18T13:24:11,541][INFO ][logstash.outputs.elasticsearch] Running health check to see if an Elasticsearch connection is working {:healthcheck_url=>http://localhost:9200/, :path=>"/"}
[2018-03-18T13:24:11,546][WARN ][logstash.outputs.elasticsearch] Attempted to resurrect connection to dead ES instance, but got an error. {:url=>"http://localhost:9200/", :error_type=>LogStash::Outputs::ElasticSearch::HttpClient::Pool::BadResponseCodeError, :error=>"Got response code '401' contacting Elasticsearch at URL 'http://localhost:9200/'"}
[2018-03-18T13:24:16,547][INFO ][logstash.outputs.elasticsearch] Running health check to see if an Elasticsearch connection is working {:healthcheck_url=>http://localhost:9200/, :path=>"/"}
[2018-03-18T13:24:16,552][WARN ][logstash.outputs.elasticsearch] Attempted to resurrect connection to dead ES instance, but got an error. {:url=>"http://localhost:9200/", :error_type=>LogStash::Outputs::ElasticSearch::HttpClient::Pool::BadResponseCodeError, :error=>"Got response code '401' contacting Elasticsearch at URL 'http://localhost:9200/'"}
[2018-03-18T13:24:21,554][INFO ][logstash.outputs.elasticsearch] Running health check to see if an Elasticsearch connection is working {:healthcheck_url=>http://localhost:9200/, :path=>"/"}
[2018-03-18T13:24:21,558][WARN ][logstash.outputs.elasticsearch] Attempted to resurrect connection to dead ES instance, but got an error. {:url=>"http://localhost:9200/", :error_type=>LogStash::Outputs::ElasticSearch::HttpClient::Pool::BadResponseCodeError, :error=>"Got response code '401' contacting Elasticsearch at URL 'http://localhost:9200/'"}
[2018-03-18T13:24:26,560][INFO ][logstash.outputs.elasticsearch] Running health check to see if an Elasticsearch connection is working {:healthcheck_url=>http://localhost:9200/, :path=>"/"}
[2018-03-18T13:24:26,563][WARN ][logstash.outputs.elasticsearch] Attempted to resurrect connection to dead ES instance, but got an error. {:url=>"http://localhost:9200/", :error_type=>LogStash::Outputs::ElasticSearch::HttpClient::Pool::BadResponseCodeError, :error=>"Got response code '401' contacting Elasticsearch at URL 'http://localhost:9200/'"}
[2018-03-18T13:24:31,565][INFO ][logstash.outputs.elasticsearch] Running health check to see if an Elasticsearch connection is working {:healthcheck_url=>http://localhost:9200/, :path=>"/"}
[2018-03-18T13:24:31,570][WARN ][logstash.outputs.elasticsearch] Attempted to resurrect connection to dead ES instance, but got an error. {:url=>"http://localhost:9200/", :error_type=>LogStash::Outputs::ElasticSearch::HttpClient::Pool::BadResponseCodeError, :error=>"Got response code '401' contacting Elasticsearch at URL 'http://localhost:9200/'"}
[2018-03-18T13:24:36,572][INFO ][logstash.outputs.elasticsearch] Running health check to see if an Elasticsearch connection is working {:healthcheck_url=>http://localhost:9200/, :path=>"/"}
[2018-03-18T13:24:36,577][WARN ][logstash.outputs.elasticsearch] Attempted to resurrect connection to dead ES instance, but got an error. {:url=>"http://localhost:9200/", :error_type=>LogStash::Outputs::ElasticSearch::HttpClient::Pool::BadResponseCodeError, :error=>"Got response code '401' contacting Elasticsearch at URL 'http://localhost:9200/'"}
[2018-03-18T13:24:41,578][INFO ][logstash.outputs.elasticsearch] Running health check to see if an Elasticsearch connection is working {:healthcheck_url=>http://localhost:9200/, :path=>"/"}
[2018-03-18T13:24:41,582][WARN ][logstash.outputs.elasticsearch] Attempted to resurrect connection to dead ES instance, but got an error. {:url=>"http://localhost:9200/", :error_type=>LogStash::Outputs::ElasticSearch::HttpClient::Pool::BadResponseCodeError, :error=>"Got response code '401' contacting Elasticsearch at URL 'http://localhost:9200/'"}
[2018-03-18T13:24:46,584][INFO ][logstash.outputs.elasticsearch] Running health check to see if an Elasticsearch connection is working {:healthcheck_url=>http://localhost:9200/, :path=>"/"}
[2018-03-18T13:24:46,588][WARN ][logstash.outputs.elasticsearch] Attempted to resurrect connection to dead ES instance, but got an error. {:url=>"http://localhost:9200/", :error_type=>LogStash::Outputs::ElasticSearch::HttpClient::Pool::BadResponseCodeError, :error=>"Got response code '401' contacting Elasticsearch at URL 'http://localhost:9200/'"}
[2018-03-18T13:24:51,590][INFO ][logstash.outputs.elasticsearch] Running health check to see if an Elasticsearch connection is working {:healthcheck_url=>http://localhost:9200/, :path=>"/"}
[2018-03-18T13:24:51,594][WARN ][logstash.outputs.elasticsearch] Attempted to resurrect connection to dead ES instance, but got an error. {:url=>"http://localhost:9200/", :error_type=>LogStash::Outputs::ElasticSearch::HttpClient::Pool::BadResponseCodeError, :error=>"Got response code '401' contacting Elasticsearch at URL 'http://localhost:9200/'"}
[2018-03-18T13:24:56,596][INFO ][logstash.outputs.elasticsearch] Running health check to see if an Elasticsearch connection is working {:healthcheck_url=>http://localhost:9200/, :path=>"/"}
[2018-03-18T13:24:56,599][WARN ][logstash.outputs.elasticsearch] Attempted to resurrect connection to dead ES instance, but got an error. {:url=>"http://localhost:9200/", :error_type=>LogStash::Outputs::ElasticSearch::HttpClient::Pool::BadResponseCodeError, :error=>"Got response code '401' contacting Elasticsearch at URL 'http://localhost:9200/'"}
[2018-03-18T13:25:01,601][INFO ][logstash.outputs.elasticsearch] Running health check to see if an Elasticsearch connection is working {:healthcheck_url=>http://localhost:9200/, :path=>"/"}
[2018-03-18T13:25:01,605][WARN ][logstash.outputs.elasticsearch] Attempted to resurrect connection to dead ES instance, but got an error. {:url=>"http://localhost:9200/", :error_type=>LogStash::Outputs::ElasticSearch::HttpClient::Pool::BadResponseCodeError, :error=>"Got response code '401' contacting Elasticsearch at URL 'http://localhost:9200/'"}
[2018-03-18T13:25:06,607][INFO ][logstash.outputs.elasticsearch] Running health check to see if an Elasticsearch connection is working {:healthcheck_url=>http://localhost:9200/, :path=>"/"}
[2018-03-18T13:25:06,612][WARN ][logstash.outputs.elasticsearch] Attempted to resurrect connection to dead ES instance, but got an error. {:url=>"http://localhost:9200/", :error_type=>LogStash::Outputs::ElasticSearch::HttpClient::Pool::BadResponseCodeError, :error=>"Got response code '401' contacting Elasticsearch at URL 'http://localhost:9200/'"}
[2018-03-18T13:25:11,613][INFO ][logstash.outputs.elasticsearch] Running health check to see if an Elasticsearch connection is working {:healthcheck_url=>http://localhost:9200/, :path=>"/"}
[2018-03-18T13:25:11,617][WARN ][logstash.outputs.elasticsearch] Attempted to resurrect connection to dead ES instance, but got an error. {:url=>"http://localhost:9200/", :error_type=>LogStash::Outputs::ElasticSearch::HttpClient::Pool::BadResponseCodeError, :error=>"Got response code '401' contacting Elasticsearch at URL 'http://localhost:9200/'"}
[2018-03-18T13:25:16,618][INFO ][logstash.outputs.elasticsearch] Running health check to see if an Elasticsearch connection is working {:healthcheck_url=>http://localhost:9200/, :path=>"/"}
[2018-03-18T13:25:16,622][WARN ][logstash.outputs.elasticsearch] Attempted to resurrect connection to dead ES instance, but got an error. {:url=>"http://localhost:9200/", :error_type=>LogStash::Outputs::ElasticSearch::HttpClient::Pool::BadResponseCodeError, :error=>"Got response code '401' contacting Elasticsearch at URL 'http://localhost:9200/'"}
[2018-03-18T13:25:21,624][INFO ][logstash.outputs.elasticsearch] Running health check to see if an Elasticsearch connection is working {:healthcheck_url=>http://localhost:9200/, :path=>"/"}
[2018-03-18T13:25:21,628][WARN ][logstash.outputs.elasticsearch] Attempted to resurrect connection to dead ES instance, but got an error. {:url=>"http://localhost:9200/", :error_type=>LogStash::Outputs::ElasticSearch::HttpClient::Pool::BadResponseCodeError, :error=>"Got response code '401' contacting Elasticsearch at URL 'http://localhost:9200/'"}
[2018-03-18T13:25:26,629][INFO ][logstash.outputs.elasticsearch] Running health check to see if an Elasticsearch connection is working {:healthcheck_url=>http://localhost:9200/, :path=>"/"}
[2018-03-18T13:25:26,634][WARN ][logstash.outputs.elasticsearch] Attempted to resurrect connection to dead ES instance, but got an error. {:url=>"http://localhost:9200/", :error_type=>LogStash::Outputs::ElasticSearch::HttpClient::Pool::BadResponseCodeError, :error=>"Got response code '401' contacting Elasticsearch at URL 'http://localhost:9200/'"}
[2018-03-18T13:25:31,636][INFO ][logstash.outputs.elasticsearch] Running health check to see if an Elasticsearch connection is working {:healthcheck_url=>http://localhost:9200/, :path=>"/"}
[2018-03-18T13:25:31,640][WARN ][logstash.outputs.elasticsearch] Attempted to resurrect connection to dead ES instance, but got an error. {:url=>"http://localhost:9200/", :error_type=>LogStash::Outputs::ElasticSearch::HttpClient::Pool::BadResponseCodeError, :error=>"Got response code '401' contacting Elasticsearch at URL 'http://localhost:9200/'"}
[2018-03-18T13:25:36,642][INFO ][logstash.outputs.elasticsearch] Running health check to see if an Elasticsearch connection is working {:healthcheck_url=>http://localhost:9200/, :path=>"/"}
[2018-03-18T13:25:36,646][WARN ][logstash.outputs.elasticsearch] Attempted to resurrect connection to dead ES instance, but got an error. {:url=>"http://localhost:9200/", :error_type=>LogStash::Outputs::ElasticSearch::HttpClient::Pool::BadResponseCodeError, :error=>"Got response code '401' contacting Elasticsearch at URL 'http://localhost:9200/'"}
[2018-03-18T13:25:41,648][INFO ][logstash.outputs.elasticsearch] Running health check to see if an Elasticsearch connection is working {:healthcheck_url=>http://localhost:9200/, :path=>"/"}
[2018-03-18T13:25:41,650][WARN ][logstash.outputs.elasticsearch] Attempted to resurrect connection to dead ES instance, but got an error. {:url=>"http://localhost:9200/", :error_type=>LogStash::Outputs::ElasticSearch::HttpClient::Pool::BadResponseCodeError, :error=>"Got response code '401' contacting Elasticsearch at URL 'http://localhost:9200/'"}
[2018-03-18T13:25:46,652][INFO ][logstash.outputs.elasticsearch] Running health check to see if an Elasticsearch connection is working {:healthcheck_url=>http://localhost:9200/, :path=>"/"}
[2018-03-18T13:25:46,655][WARN ][logstash.outputs.elasticsearch] Attempted to resurrect connection to dead ES instance, but got an error. {:url=>"http://localhost:9200/", :error_type=>LogStash::Outputs::ElasticSearch::HttpClient::Pool::BadResponseCodeError, :error=>"Got response code '401' contacting Elasticsearch at URL 'http://localhost:9200/'"}
[2018-03-18T13:25:51,656][INFO ][logstash.outputs.elasticsearch] Running health check to see if an Elasticsearch connection is working {:healthcheck_url=>http://localhost:9200/, :path=>"/"}
[2018-03-18T13:25:51,660][WARN ][logstash.outputs.elasticsearch] Attempted to resurrect connection to dead ES instance, but got an error. {:url=>"http://localhost:9200/", :error_type=>LogStash::Outputs::ElasticSearch::HttpClient::Pool::BadResponseCodeError, :error=>"Got response code '401' contacting Elasticsearch at URL 'http://localhost:9200/'"}
[2018-03-18T13:25:56,661][INFO ][logstash.outputs.elasticsearch] Running health check to see if an Elasticsearch connection is working {:healthcheck_url=>http://localhost:9200/, :path=>"/"}
[2018-03-18T13:25:56,666][WARN ][logstash.outputs.elasticsearch] Attempted to resurrect connection to dead ES instance, but got an error. {:url=>"http://localhost:9200/", :error_type=>LogStash::Outputs::ElasticSearch::HttpClient::Pool::BadResponseCodeError, :error=>"Got response code '401' contacting Elasticsearch at URL 'http://localhost:9200/'"}
[2018-03-18T13:26:01,667][INFO ][logstash.outputs.elasticsearch] Running health check to see if an Elasticsearch connection is working {:healthcheck_url=>http://localhost:9200/, :path=>"/"}
[2018-03-18T13:26:01,671][WARN ][logstash.outputs.elasticsearch] Attempted to resurrect connection to dead ES instance, but got an error. {:url=>"http://localhost:9200/", :error_type=>LogStash::Outputs::ElasticSearch::HttpClient::Pool::BadResponseCodeError, :error=>"Got response code '401' contacting Elasticsearch at URL 'http://localhost:9200/'"}
[2018-03-18T13:26:06,673][INFO ][logstash.outputs.elasticsearch] Running health check to see if an Elasticsearch connection is working {:healthcheck_url=>http://localhost:9200/, :path=>"/"}
[2018-03-18T13:26:06,677][WARN ][logstash.outputs.elasticsearch] Attempted to resurrect connection to dead ES instance, but got an error. {:url=>"http://localhost:9200/", :error_type=>LogStash::Outputs::ElasticSearch::HttpClient::Pool::BadResponseCodeError, :error=>"Got response code '401' contacting Elasticsearch at URL 'http://localhost:9200/'"}
[2018-03-18T13:26:11,678][INFO ][logstash.outputs.elasticsearch] Running health check to see if an Elasticsearch connection is working {:healthcheck_url=>http://localhost:9200/, :path=>"/"}
[2018-03-18T13:26:11,682][WARN ][logstash.outputs.elasticsearch] Attempted to resurrect connection to dead ES instance, but got an error. {:url=>"http://localhost:9200/", :error_type=>LogStash::Outputs::ElasticSearch::HttpClient::Pool::BadResponseCodeError, :error=>"Got response code '401' contacting Elasticsearch at URL 'http://localhost:9200/'"}
[2018-03-18T13:26:16,684][INFO ][logstash.outputs.elasticsearch] Running health check to see if an Elasticsearch connection is working {:healthcheck_url=>http://localhost:9200/, :path=>"/"}
[2018-03-18T13:26:16,688][WARN ][logstash.outputs.elasticsearch] Attempted to resurrect connection to dead ES instance, but got an error. {:url=>"http://localhost:9200/", :error_type=>LogStash::Outputs::ElasticSearch::HttpClient::Pool::BadResponseCodeError, :error=>"Got response code '401' contacting Elasticsearch at URL 'http://localhost:9200/'"}
[2018-03-18T13:26:21,689][INFO ][logstash.outputs.elasticsearch] Running health check to see if an Elasticsearch connection is working {:healthcheck_url=>http://localhost:9200/, :path=>"/"}
[2018-03-18T13:26:21,694][WARN ][logstash.outputs.elasticsearch] Attempted to resurrect connection to dead ES instance, but got an error. {:url=>"http://localhost:9200/", :error_type=>LogStash::Outputs::ElasticSearch::HttpClient::Pool::BadResponseCodeError, :error=>"Got response code '401' contacting Elasticsearch at URL 'http://localhost:9200/'"}
[2018-03-18T13:26:26,695][INFO ][logstash.outputs.elasticsearch] Running health check to see if an Elasticsearch connection is working {:healthcheck_url=>http://localhost:9200/, :path=>"/"}
[2018-03-18T13:26:26,699][WARN ][logstash.outputs.elasticsearch] Attempted to resurrect connection to dead ES instance, but got an error. {:url=>"http://localhost:9200/", :error_type=>LogStash::Outputs::ElasticSearch::HttpClient::Pool::BadResponseCodeError, :error=>"Got response code '401' contacting Elasticsearch at URL 'http://localhost:9200/'"}
[2018-03-18T13:26:31,701][INFO ][logstash.outputs.elasticsearch] Running health check to see if an Elasticsearch connection is working {:healthcheck_url=>http://localhost:9200/, :path=>"/"}
[2018-03-18T13:26:31,705][WARN ][logstash.outputs.elasticsearch] Attempted to resurrect connection to dead ES instance, but got an error. {:url=>"http://localhost:9200/", :error_type=>LogStash::Outputs::ElasticSearch::HttpClient::Pool::BadResponseCodeError, :error=>"Got response code '401' contacting Elasticsearch at URL 'http://localhost:9200/'"}
[2018-03-18T13:26:36,708][INFO ][logstash.outputs.elasticsearch] Running health check to see if an Elasticsearch connection is working {:healthcheck_url=>http://localhost:9200/, :path=>"/"}
[2018-03-18T13:26:36,713][WARN ][logstash.outputs.elasticsearch] Attempted to resurrect connection to dead ES instance, but got an error. {:url=>"http://localhost:9200/", :error_type=>LogStash::Outputs::ElasticSearch::HttpClient::Pool::BadResponseCodeError, :error=>"Got response code '401' contacting Elasticsearch at URL 'http://localhost:9200/'"}
[2018-03-18T13:26:41,716][INFO ][logstash.outputs.elasticsearch] Running health check to see if an Elasticsearch connection is working {:healthcheck_url=>http://localhost:9200/, :path=>"/"}
[2018-03-18T13:26:41,720][WARN ][logstash.outputs.elasticsearch] Attempted to resurrect connection to dead ES instance, but got an error. {:url=>"http://localhost:9200/", :error_type=>LogStash::Outputs::ElasticSearch::HttpClient::Pool::BadResponseCodeError, :error=>"Got response code '401' contacting Elasticsearch at URL 'http://localhost:9200/'"}
[2018-03-18T13:26:46,722][INFO ][logstash.outputs.elasticsearch] Running health check to see if an Elasticsearch connection is working {:healthcheck_url=>http://localhost:9200/, :path=>"/"}
[2018-03-18T13:26:46,726][WARN ][logstash.outputs.elasticsearch] Attempted to resurrect connection to dead ES instance, but got an error. {:url=>"http://localhost:9200/", :error_type=>LogStash::Outputs::ElasticSearch::HttpClient::Pool::BadResponseCodeError, :error=>"Got response code '401' contacting Elasticsearch at URL 'http://localhost:9200/'"}
[2018-03-18T13:26:51,727][INFO ][logstash.outputs.elasticsearch] Running health check to see if an Elasticsearch connection is working {:healthcheck_url=>http://localhost:9200/, :path=>"/"}
[2018-03-18T13:26:51,730][WARN ][logstash.outputs.elasticsearch] Attempted to resurrect connection to dead ES instance, but got an error. {:url=>"http://localhost:9200/", :error_type=>LogStash::Outputs::ElasticSearch::HttpClient::Pool::BadResponseCodeError, :error=>"Got response code '401' contacting Elasticsearch at URL 'http://localhost:9200/'"}
[2018-03-18T13:26:56,731][INFO ][logstash.outputs.elasticsearch] Running health check to see if an Elasticsearch connection is working {:healthcheck_url=>http://localhost:9200/, :path=>"/"}
[2018-03-18T13:26:56,735][WARN ][logstash.outputs.elasticsearch] Attempted to resurrect connection to dead ES instance, but got an error. {:url=>"http://localhost:9200/", :error_type=>LogStash::Outputs::ElasticSearch::HttpClient::Pool::BadResponseCodeError, :error=>"Got response code '401' contacting Elasticsearch at URL 'http://localhost:9200/'"}
[2018-03-18T13:27:01,736][INFO ][logstash.outputs.elasticsearch] Running health check to see if an Elasticsearch connection is working {:healthcheck_url=>http://localhost:9200/, :path=>"/"}
[2018-03-18T13:27:01,740][WARN ][logstash.outputs.elasticsearch] Attempted to resurrect connection to dead ES instance, but got an error. {:url=>"http://localhost:9200/", :error_type=>LogStash::Outputs::ElasticSearch::HttpClient::Pool::BadResponseCodeError, :error=>"Got response code '401' contacting Elasticsearch at URL 'http://localhost:9200/'"}
[2018-03-18T13:27:05,546][WARN ][logstash.runner          ] SIGINT received. Shutting down.
[2018-03-18T13:27:06,813][INFO ][logstash.pipeline        ] Pipeline has terminated {:pipeline_id=>"main", :thread=>"#<Thread:0x5d49fac3 run>"}
[2018-03-18T13:27:27,218][INFO ][logstash.modules.scaffold] Initializing module {:module_name=>"netflow", :directory=>"/home/marjan/Documents/LogAnalyzer/logstash/modules/netflow/configuration"}
[2018-03-18T13:27:27,234][INFO ][logstash.modules.scaffold] Initializing module {:module_name=>"fb_apache", :directory=>"/home/marjan/Documents/LogAnalyzer/logstash/modules/fb_apache/configuration"}
[2018-03-18T13:27:27,687][WARN ][logstash.config.source.multilocal] Ignoring the 'pipelines.yml' file because modules or command line options are specified
[2018-03-18T13:27:28,386][INFO ][logstash.runner          ] Starting Logstash {"logstash.version"=>"6.2.2"}
[2018-03-18T13:27:28,767][INFO ][logstash.agent           ] Successfully started Logstash API endpoint {:port=>9600}
[2018-03-18T13:27:31,656][INFO ][logstash.pipeline        ] Starting pipeline {:pipeline_id=>"main", "pipeline.workers"=>4, "pipeline.batch.size"=>125, "pipeline.batch.delay"=>50}
[2018-03-18T13:27:32,221][INFO ][logstash.outputs.elasticsearch] Elasticsearch pool URLs updated {:changes=>{:removed=>[], :added=>[http://elastic:xxxxxx@localhost:9200/]}}
[2018-03-18T13:27:32,242][INFO ][logstash.outputs.elasticsearch] Running health check to see if an Elasticsearch connection is working {:healthcheck_url=>http://elastic:xxxxxx@localhost:9200/, :path=>"/"}
[2018-03-18T13:27:32,565][WARN ][logstash.outputs.elasticsearch] Restored connection to ES instance {:url=>"http://elastic:xxxxxx@localhost:9200/"}
[2018-03-18T13:27:32,627][INFO ][logstash.outputs.elasticsearch] ES Output version determined {:es_version=>nil}
[2018-03-18T13:27:32,630][WARN ][logstash.outputs.elasticsearch] Detected a 6.x and above cluster: the `type` event field won't be used to determine the document _type {:es_version=>6}
[2018-03-18T13:27:32,647][INFO ][logstash.outputs.elasticsearch] Using mapping template from {:path=>nil}
[2018-03-18T13:27:32,687][INFO ][logstash.outputs.elasticsearch] Attempting to install template {:manage_template=>{"template"=>"logstash-*", "version"=>60001, "settings"=>{"index.refresh_interval"=>"5s"}, "mappings"=>{"_default_"=>{"dynamic_templates"=>[{"message_field"=>{"path_match"=>"message", "match_mapping_type"=>"string", "mapping"=>{"type"=>"text", "norms"=>false}}}, {"string_fields"=>{"match"=>"*", "match_mapping_type"=>"string", "mapping"=>{"type"=>"text", "norms"=>false, "fields"=>{"keyword"=>{"type"=>"keyword", "ignore_above"=>256}}}}}], "properties"=>{"@timestamp"=>{"type"=>"date"}, "@version"=>{"type"=>"keyword"}, "geoip"=>{"dynamic"=>true, "properties"=>{"ip"=>{"type"=>"ip"}, "location"=>{"type"=>"geo_point"}, "latitude"=>{"type"=>"half_float"}, "longitude"=>{"type"=>"half_float"}}}}}}}}
[2018-03-18T13:27:32,726][INFO ][logstash.outputs.elasticsearch] Installing elasticsearch template to _template/logstash
[2018-03-18T13:27:32,890][INFO ][logstash.outputs.elasticsearch] New Elasticsearch output {:class=>"LogStash::Outputs::ElasticSearch", :hosts=>["//localhost:9200"]}
[2018-03-18T13:27:32,991][INFO ][logstash.pipeline        ] Pipeline started succesfully {:pipeline_id=>"main", :thread=>"#<Thread:0x6d0bdcf8 run>"}
[2018-03-18T13:27:33,072][INFO ][logstash.agent           ] Pipelines running {:count=>1, :pipelines=>["main"]}
[2018-03-18T13:53:23,300][WARN ][logstash.runner          ] SIGINT received. Shutting down.
[2018-03-18T13:53:23,979][INFO ][logstash.pipeline        ] Pipeline has terminated {:pipeline_id=>"main", :thread=>"#<Thread:0x6d0bdcf8 run>"}
[2018-03-18T13:53:43,184][INFO ][logstash.modules.scaffold] Initializing module {:module_name=>"netflow", :directory=>"/home/marjan/Documents/LogAnalyzer/logstash/modules/netflow/configuration"}
[2018-03-18T13:53:43,203][INFO ][logstash.modules.scaffold] Initializing module {:module_name=>"fb_apache", :directory=>"/home/marjan/Documents/LogAnalyzer/logstash/modules/fb_apache/configuration"}
[2018-03-18T13:53:43,636][WARN ][logstash.config.source.multilocal] Ignoring the 'pipelines.yml' file because modules or command line options are specified
[2018-03-18T13:53:44,252][INFO ][logstash.runner          ] Starting Logstash {"logstash.version"=>"6.2.2"}
[2018-03-18T13:53:44,571][INFO ][logstash.agent           ] Successfully started Logstash API endpoint {:port=>9600}
[2018-03-18T13:53:48,046][INFO ][logstash.pipeline        ] Starting pipeline {:pipeline_id=>"main", "pipeline.workers"=>4, "pipeline.batch.size"=>125, "pipeline.batch.delay"=>50}
[2018-03-18T13:53:48,450][INFO ][logstash.outputs.elasticsearch] Elasticsearch pool URLs updated {:changes=>{:removed=>[], :added=>[http://elastic:xxxxxx@localhost:9200/]}}
[2018-03-18T13:53:48,472][INFO ][logstash.outputs.elasticsearch] Running health check to see if an Elasticsearch connection is working {:healthcheck_url=>http://elastic:xxxxxx@localhost:9200/, :path=>"/"}
[2018-03-18T13:53:48,767][WARN ][logstash.outputs.elasticsearch] Restored connection to ES instance {:url=>"http://elastic:xxxxxx@localhost:9200/"}
[2018-03-18T13:53:48,852][INFO ][logstash.outputs.elasticsearch] ES Output version determined {:es_version=>nil}
[2018-03-18T13:53:48,856][WARN ][logstash.outputs.elasticsearch] Detected a 6.x and above cluster: the `type` event field won't be used to determine the document _type {:es_version=>6}
[2018-03-18T13:53:48,872][INFO ][logstash.outputs.elasticsearch] Using mapping template from {:path=>nil}
[2018-03-18T13:53:48,890][INFO ][logstash.outputs.elasticsearch] Attempting to install template {:manage_template=>{"template"=>"logstash-*", "version"=>60001, "settings"=>{"index.refresh_interval"=>"5s"}, "mappings"=>{"_default_"=>{"dynamic_templates"=>[{"message_field"=>{"path_match"=>"message", "match_mapping_type"=>"string", "mapping"=>{"type"=>"text", "norms"=>false}}}, {"string_fields"=>{"match"=>"*", "match_mapping_type"=>"string", "mapping"=>{"type"=>"text", "norms"=>false, "fields"=>{"keyword"=>{"type"=>"keyword", "ignore_above"=>256}}}}}], "properties"=>{"@timestamp"=>{"type"=>"date"}, "@version"=>{"type"=>"keyword"}, "geoip"=>{"dynamic"=>true, "properties"=>{"ip"=>{"type"=>"ip"}, "location"=>{"type"=>"geo_point"}, "latitude"=>{"type"=>"half_float"}, "longitude"=>{"type"=>"half_float"}}}}}}}}
[2018-03-18T13:53:48,932][INFO ][logstash.outputs.elasticsearch] New Elasticsearch output {:class=>"LogStash::Outputs::ElasticSearch", :hosts=>["//localhost:9200"]}
[2018-03-18T13:53:49,432][INFO ][logstash.inputs.beats    ] Beats inputs: Starting input listener {:address=>"0.0.0.0:5044"}
[2018-03-18T13:53:49,486][INFO ][logstash.pipeline        ] Pipeline started succesfully {:pipeline_id=>"main", :thread=>"#<Thread:0x33922739 run>"}
[2018-03-18T13:53:49,559][INFO ][org.logstash.beats.Server] Starting server on port: 5044
[2018-03-18T13:53:49,610][INFO ][logstash.agent           ] Pipelines running {:count=>1, :pipelines=>["main"]}
