[2018-03-15T12:27:28,648][INFO ][o.e.n.Node               ] [] initializing ...
[2018-03-15T12:27:28,990][INFO ][o.e.e.NodeEnvironment    ] [8Pc6hVD] using [1] data paths, mounts [[/home (/dev/sda4)]], net usable_space [133.1gb], net total_space [348.4gb], types [ext4]
[2018-03-15T12:27:28,991][INFO ][o.e.e.NodeEnvironment    ] [8Pc6hVD] heap size [990.7mb], compressed ordinary object pointers [true]
[2018-03-15T12:27:29,041][INFO ][o.e.n.Node               ] node name [8Pc6hVD] derived from node ID [8Pc6hVDLQziRJ8xUHOCEEA]; set [node.name] to override
[2018-03-15T12:27:29,041][INFO ][o.e.n.Node               ] version[6.2.2], pid[11268], build[10b1edd/2018-02-16T19:01:30.685723Z], OS[Linux/4.4.0-62-generic/amd64], JVM[Oracle Corporation/Java HotSpot(TM) 64-Bit Server VM/1.8.0_161/25.161-b12]
[2018-03-15T12:27:29,041][INFO ][o.e.n.Node               ] JVM arguments [-Xms1g, -Xmx1g, -XX:+UseConcMarkSweepGC, -XX:CMSInitiatingOccupancyFraction=75, -XX:+UseCMSInitiatingOccupancyOnly, -XX:+AlwaysPreTouch, -Xss1m, -Djava.awt.headless=true, -Dfile.encoding=UTF-8, -Djna.nosys=true, -XX:-OmitStackTraceInFastThrow, -Dio.netty.noUnsafe=true, -Dio.netty.noKeySetOptimization=true, -Dio.netty.recycler.maxCapacityPerThread=0, -Dlog4j.shutdownHookEnabled=false, -Dlog4j2.disable.jmx=true, -Djava.io.tmpdir=/tmp/elasticsearch.W8CSL6kD, -XX:+HeapDumpOnOutOfMemoryError, -XX:+PrintGCDetails, -XX:+PrintGCDateStamps, -XX:+PrintTenuringDistribution, -XX:+PrintGCApplicationStoppedTime, -Xloggc:logs/gc.log, -XX:+UseGCLogFileRotation, -XX:NumberOfGCLogFiles=32, -XX:GCLogFileSize=64m, -Des.path.home=/home/marjan/Documents/LogAnalyzer/elasticsearch-6.2.2, -Des.path.conf=/home/marjan/Documents/LogAnalyzer/elasticsearch-6.2.2/config]
[2018-03-15T12:27:31,948][INFO ][o.e.p.PluginsService     ] [8Pc6hVD] loaded module [aggs-matrix-stats]
[2018-03-15T12:27:31,948][INFO ][o.e.p.PluginsService     ] [8Pc6hVD] loaded module [analysis-common]
[2018-03-15T12:27:31,948][INFO ][o.e.p.PluginsService     ] [8Pc6hVD] loaded module [ingest-common]
[2018-03-15T12:27:31,949][INFO ][o.e.p.PluginsService     ] [8Pc6hVD] loaded module [lang-expression]
[2018-03-15T12:27:31,949][INFO ][o.e.p.PluginsService     ] [8Pc6hVD] loaded module [lang-mustache]
[2018-03-15T12:27:31,949][INFO ][o.e.p.PluginsService     ] [8Pc6hVD] loaded module [lang-painless]
[2018-03-15T12:27:31,949][INFO ][o.e.p.PluginsService     ] [8Pc6hVD] loaded module [mapper-extras]
[2018-03-15T12:27:31,949][INFO ][o.e.p.PluginsService     ] [8Pc6hVD] loaded module [parent-join]
[2018-03-15T12:27:31,949][INFO ][o.e.p.PluginsService     ] [8Pc6hVD] loaded module [percolator]
[2018-03-15T12:27:31,949][INFO ][o.e.p.PluginsService     ] [8Pc6hVD] loaded module [rank-eval]
[2018-03-15T12:27:31,949][INFO ][o.e.p.PluginsService     ] [8Pc6hVD] loaded module [reindex]
[2018-03-15T12:27:31,949][INFO ][o.e.p.PluginsService     ] [8Pc6hVD] loaded module [repository-url]
[2018-03-15T12:27:31,949][INFO ][o.e.p.PluginsService     ] [8Pc6hVD] loaded module [transport-netty4]
[2018-03-15T12:27:31,949][INFO ][o.e.p.PluginsService     ] [8Pc6hVD] loaded module [tribe]
[2018-03-15T12:27:31,950][INFO ][o.e.p.PluginsService     ] [8Pc6hVD] loaded plugin [x-pack-core]
[2018-03-15T12:27:31,950][INFO ][o.e.p.PluginsService     ] [8Pc6hVD] loaded plugin [x-pack-deprecation]
[2018-03-15T12:27:31,950][INFO ][o.e.p.PluginsService     ] [8Pc6hVD] loaded plugin [x-pack-graph]
[2018-03-15T12:27:31,950][INFO ][o.e.p.PluginsService     ] [8Pc6hVD] loaded plugin [x-pack-logstash]
[2018-03-15T12:27:31,950][INFO ][o.e.p.PluginsService     ] [8Pc6hVD] loaded plugin [x-pack-ml]
[2018-03-15T12:27:31,950][INFO ][o.e.p.PluginsService     ] [8Pc6hVD] loaded plugin [x-pack-monitoring]
[2018-03-15T12:27:31,950][INFO ][o.e.p.PluginsService     ] [8Pc6hVD] loaded plugin [x-pack-security]
[2018-03-15T12:27:31,950][INFO ][o.e.p.PluginsService     ] [8Pc6hVD] loaded plugin [x-pack-upgrade]
[2018-03-15T12:27:31,950][INFO ][o.e.p.PluginsService     ] [8Pc6hVD] loaded plugin [x-pack-watcher]
[2018-03-15T12:27:35,547][INFO ][o.e.x.m.j.p.l.CppLogMessageHandler] [controller/11381] [Main.cc@128] controller (64 bit): Version 6.2.2 (Build 61c43548e5e0f2) Copyright (c) 2018 Elasticsearch BV
[2018-03-15T12:27:35,764][DEBUG][o.e.a.ActionModule       ] Using REST wrapper from plugin org.elasticsearch.xpack.security.Security
[2018-03-15T12:27:36,298][INFO ][o.e.d.DiscoveryModule    ] [8Pc6hVD] using discovery type [zen]
[2018-03-15T12:27:36,874][INFO ][o.e.n.Node               ] initialized
[2018-03-15T12:27:36,875][INFO ][o.e.n.Node               ] [8Pc6hVD] starting ...
[2018-03-15T12:27:37,049][INFO ][o.e.t.TransportService   ] [8Pc6hVD] publish_address {127.0.0.1:9300}, bound_addresses {127.0.0.1:9300}
[2018-03-15T12:27:37,087][WARN ][o.e.b.BootstrapChecks    ] [8Pc6hVD] max virtual memory areas vm.max_map_count [65530] is too low, increase to at least [262144]
[2018-03-15T12:27:40,184][INFO ][o.e.c.s.MasterService    ] [8Pc6hVD] zen-disco-elected-as-master ([0] nodes joined), reason: new_master {8Pc6hVD}{8Pc6hVDLQziRJ8xUHOCEEA}{3eWirGKXS2izkjA7qA6PRQ}{127.0.0.1}{127.0.0.1:9300}{ml.machine_memory=12487860224, ml.max_open_jobs=20, ml.enabled=true}
[2018-03-15T12:27:40,191][INFO ][o.e.c.s.ClusterApplierService] [8Pc6hVD] new_master {8Pc6hVD}{8Pc6hVDLQziRJ8xUHOCEEA}{3eWirGKXS2izkjA7qA6PRQ}{127.0.0.1}{127.0.0.1:9300}{ml.machine_memory=12487860224, ml.max_open_jobs=20, ml.enabled=true}, reason: apply cluster state (from master [master {8Pc6hVD}{8Pc6hVDLQziRJ8xUHOCEEA}{3eWirGKXS2izkjA7qA6PRQ}{127.0.0.1}{127.0.0.1:9300}{ml.machine_memory=12487860224, ml.max_open_jobs=20, ml.enabled=true} committed version [1] source [zen-disco-elected-as-master ([0] nodes joined)]])
[2018-03-15T12:27:40,227][INFO ][o.e.x.s.t.n.SecurityNetty4HttpServerTransport] [8Pc6hVD] publish_address {127.0.0.1:9200}, bound_addresses {127.0.0.1:9200}
[2018-03-15T12:27:40,227][INFO ][o.e.n.Node               ] [8Pc6hVD] started
[2018-03-15T12:27:41,409][INFO ][o.e.l.LicenseService     ] [8Pc6hVD] license [33ddb6e4-da7d-4dac-9e7b-bbb0a725d5d7] mode [trial] - valid
[2018-03-15T12:27:41,418][INFO ][o.e.g.GatewayService     ] [8Pc6hVD] recovered [7] indices into cluster_state
[2018-03-15T12:27:45,247][INFO ][o.e.c.r.a.AllocationService] [8Pc6hVD] Cluster health status changed from [RED] to [GREEN] (reason: [shards started [[.monitoring-kibana-6-2018.03.14][0], [.watcher-history-7-2018.03.14][0], [.monitoring-es-6-2018.03.14][0]] ...]).
[2018-03-15T12:27:47,125][INFO ][o.e.c.m.MetaDataCreateIndexService] [8Pc6hVD] [.monitoring-es-6-2018.03.15] creating index, cause [auto(bulk api)], templates [.monitoring-es], shards [1]/[0], mappings [doc]
[2018-03-15T12:27:47,467][INFO ][o.e.c.r.a.AllocationService] [8Pc6hVD] Cluster health status changed from [YELLOW] to [GREEN] (reason: [shards started [[.monitoring-es-6-2018.03.15][0]] ...]).
[2018-03-15T12:28:45,969][INFO ][o.e.c.m.MetaDataCreateIndexService] [8Pc6hVD] [.monitoring-alerts-6] creating index, cause [auto(bulk api)], templates [.monitoring-alerts], shards [1]/[0], mappings [doc]
[2018-03-15T12:28:46,259][INFO ][o.e.c.m.MetaDataCreateIndexService] [8Pc6hVD] [.watcher-history-7-2018.03.15] creating index, cause [auto(bulk api)], templates [.watch-history-7], shards [1]/[0], mappings [doc]
[2018-03-15T12:28:46,741][INFO ][o.e.c.r.a.AllocationService] [8Pc6hVD] Cluster health status changed from [YELLOW] to [GREEN] (reason: [shards started [[.watcher-history-7-2018.03.15][0]] ...]).
[2018-03-15T12:28:46,924][INFO ][o.e.c.m.MetaDataMappingService] [8Pc6hVD] [.watcher-history-7-2018.03.15/JW0wN1mwQXu0bQJxJsRubQ] update_mapping [doc]
[2018-03-15T12:28:47,043][INFO ][o.e.c.m.MetaDataMappingService] [8Pc6hVD] [.watcher-history-7-2018.03.15/JW0wN1mwQXu0bQJxJsRubQ] update_mapping [doc]
[2018-03-15T12:28:47,237][INFO ][o.e.c.m.MetaDataMappingService] [8Pc6hVD] [.watcher-history-7-2018.03.15/JW0wN1mwQXu0bQJxJsRubQ] update_mapping [doc]
[2018-03-15T12:29:51,065][INFO ][o.e.c.m.MetaDataCreateIndexService] [8Pc6hVD] [.monitoring-kibana-6-2018.03.15] creating index, cause [auto(bulk api)], templates [.monitoring-kibana], shards [1]/[0], mappings [doc]
[2018-03-15T12:29:51,546][INFO ][o.e.c.r.a.AllocationService] [8Pc6hVD] Cluster health status changed from [YELLOW] to [GREEN] (reason: [shards started [[.monitoring-kibana-6-2018.03.15][0]] ...]).
[2018-03-15T12:32:45,813][INFO ][o.e.c.m.MetaDataMappingService] [8Pc6hVD] [.kibana/nU9xq_9MSTGa004x0AcC_Q] update_mapping [doc]
[2018-03-15T12:35:13,234][INFO ][o.e.x.m.j.p.NativeController] Native controller process has stopped - no new native processes can be started
[2018-03-15T12:35:13,252][INFO ][o.e.n.Node               ] [8Pc6hVD] stopping ...
[2018-03-15T12:35:13,259][INFO ][o.e.x.w.WatcherService   ] [8Pc6hVD] stopping watch service, reason [shutdown initiated]
[2018-03-15T12:35:15,903][INFO ][o.e.n.Node               ] [8Pc6hVD] stopped
[2018-03-15T12:35:15,904][INFO ][o.e.n.Node               ] [8Pc6hVD] closing ...
[2018-03-15T12:35:15,922][INFO ][o.e.n.Node               ] [8Pc6hVD] closed
[2018-03-15T12:43:58,699][INFO ][o.e.n.Node               ] [] initializing ...
[2018-03-15T12:43:58,811][INFO ][o.e.e.NodeEnvironment    ] [8Pc6hVD] using [1] data paths, mounts [[/home (/dev/sda4)]], net usable_space [133.2gb], net total_space [348.4gb], types [ext4]
[2018-03-15T12:43:58,811][INFO ][o.e.e.NodeEnvironment    ] [8Pc6hVD] heap size [990.7mb], compressed ordinary object pointers [true]
[2018-03-15T12:43:58,877][INFO ][o.e.n.Node               ] node name [8Pc6hVD] derived from node ID [8Pc6hVDLQziRJ8xUHOCEEA]; set [node.name] to override
[2018-03-15T12:43:58,877][INFO ][o.e.n.Node               ] version[6.2.2], pid[14504], build[10b1edd/2018-02-16T19:01:30.685723Z], OS[Linux/4.4.0-62-generic/amd64], JVM[Oracle Corporation/Java HotSpot(TM) 64-Bit Server VM/1.8.0_161/25.161-b12]
[2018-03-15T12:43:58,877][INFO ][o.e.n.Node               ] JVM arguments [-Xms1g, -Xmx1g, -XX:+UseConcMarkSweepGC, -XX:CMSInitiatingOccupancyFraction=75, -XX:+UseCMSInitiatingOccupancyOnly, -XX:+AlwaysPreTouch, -Xss1m, -Djava.awt.headless=true, -Dfile.encoding=UTF-8, -Djna.nosys=true, -XX:-OmitStackTraceInFastThrow, -Dio.netty.noUnsafe=true, -Dio.netty.noKeySetOptimization=true, -Dio.netty.recycler.maxCapacityPerThread=0, -Dlog4j.shutdownHookEnabled=false, -Dlog4j2.disable.jmx=true, -Djava.io.tmpdir=/tmp/elasticsearch.atnbv8Ks, -XX:+HeapDumpOnOutOfMemoryError, -XX:+PrintGCDetails, -XX:+PrintGCDateStamps, -XX:+PrintTenuringDistribution, -XX:+PrintGCApplicationStoppedTime, -Xloggc:logs/gc.log, -XX:+UseGCLogFileRotation, -XX:NumberOfGCLogFiles=32, -XX:GCLogFileSize=64m, -Des.path.home=/home/marjan/Documents/LogAnalyzer/elasticsearch, -Des.path.conf=/home/marjan/Documents/LogAnalyzer/elasticsearch/config]
[2018-03-15T12:44:00,400][INFO ][o.e.p.PluginsService     ] [8Pc6hVD] loaded module [aggs-matrix-stats]
[2018-03-15T12:44:00,400][INFO ][o.e.p.PluginsService     ] [8Pc6hVD] loaded module [analysis-common]
[2018-03-15T12:44:00,401][INFO ][o.e.p.PluginsService     ] [8Pc6hVD] loaded module [ingest-common]
[2018-03-15T12:44:00,401][INFO ][o.e.p.PluginsService     ] [8Pc6hVD] loaded module [lang-expression]
[2018-03-15T12:44:00,401][INFO ][o.e.p.PluginsService     ] [8Pc6hVD] loaded module [lang-mustache]
[2018-03-15T12:44:00,401][INFO ][o.e.p.PluginsService     ] [8Pc6hVD] loaded module [lang-painless]
[2018-03-15T12:44:00,401][INFO ][o.e.p.PluginsService     ] [8Pc6hVD] loaded module [mapper-extras]
[2018-03-15T12:44:00,401][INFO ][o.e.p.PluginsService     ] [8Pc6hVD] loaded module [parent-join]
[2018-03-15T12:44:00,401][INFO ][o.e.p.PluginsService     ] [8Pc6hVD] loaded module [percolator]
[2018-03-15T12:44:00,401][INFO ][o.e.p.PluginsService     ] [8Pc6hVD] loaded module [rank-eval]
[2018-03-15T12:44:00,401][INFO ][o.e.p.PluginsService     ] [8Pc6hVD] loaded module [reindex]
[2018-03-15T12:44:00,401][INFO ][o.e.p.PluginsService     ] [8Pc6hVD] loaded module [repository-url]
[2018-03-15T12:44:00,401][INFO ][o.e.p.PluginsService     ] [8Pc6hVD] loaded module [transport-netty4]
[2018-03-15T12:44:00,401][INFO ][o.e.p.PluginsService     ] [8Pc6hVD] loaded module [tribe]
[2018-03-15T12:44:00,402][INFO ][o.e.p.PluginsService     ] [8Pc6hVD] loaded plugin [x-pack-core]
[2018-03-15T12:44:00,402][INFO ][o.e.p.PluginsService     ] [8Pc6hVD] loaded plugin [x-pack-deprecation]
[2018-03-15T12:44:00,402][INFO ][o.e.p.PluginsService     ] [8Pc6hVD] loaded plugin [x-pack-graph]
[2018-03-15T12:44:00,402][INFO ][o.e.p.PluginsService     ] [8Pc6hVD] loaded plugin [x-pack-logstash]
[2018-03-15T12:44:00,402][INFO ][o.e.p.PluginsService     ] [8Pc6hVD] loaded plugin [x-pack-ml]
[2018-03-15T12:44:00,402][INFO ][o.e.p.PluginsService     ] [8Pc6hVD] loaded plugin [x-pack-monitoring]
[2018-03-15T12:44:00,402][INFO ][o.e.p.PluginsService     ] [8Pc6hVD] loaded plugin [x-pack-security]
[2018-03-15T12:44:00,402][INFO ][o.e.p.PluginsService     ] [8Pc6hVD] loaded plugin [x-pack-upgrade]
[2018-03-15T12:44:00,402][INFO ][o.e.p.PluginsService     ] [8Pc6hVD] loaded plugin [x-pack-watcher]
[2018-03-15T12:44:03,330][INFO ][o.e.x.m.j.p.l.CppLogMessageHandler] [controller/14567] [Main.cc@128] controller (64 bit): Version 6.2.2 (Build 61c43548e5e0f2) Copyright (c) 2018 Elasticsearch BV
[2018-03-15T12:44:03,513][DEBUG][o.e.a.ActionModule       ] Using REST wrapper from plugin org.elasticsearch.xpack.security.Security
[2018-03-15T12:44:03,857][INFO ][o.e.d.DiscoveryModule    ] [8Pc6hVD] using discovery type [zen]
[2018-03-15T12:44:04,424][INFO ][o.e.n.Node               ] initialized
[2018-03-15T12:44:04,424][INFO ][o.e.n.Node               ] [8Pc6hVD] starting ...
[2018-03-15T12:44:04,540][INFO ][o.e.t.TransportService   ] [8Pc6hVD] publish_address {127.0.0.1:9300}, bound_addresses {127.0.0.1:9300}
[2018-03-15T12:44:04,578][WARN ][o.e.b.BootstrapChecks    ] [8Pc6hVD] max virtual memory areas vm.max_map_count [65530] is too low, increase to at least [262144]
[2018-03-15T12:44:07,517][INFO ][o.e.x.m.j.p.NativeController] Native controller process has stopped - no new native processes can be started
[2018-03-15T12:44:07,521][INFO ][o.e.n.Node               ] [8Pc6hVD] stopping ...
[2018-03-15T12:44:07,542][INFO ][o.e.x.s.t.n.SecurityNetty4HttpServerTransport] [8Pc6hVD] publish_address {127.0.0.1:9200}, bound_addresses {127.0.0.1:9200}
[2018-03-15T12:44:07,542][INFO ][o.e.n.Node               ] [8Pc6hVD] started
[2018-03-15T12:44:07,545][INFO ][o.e.n.Node               ] [8Pc6hVD] stopped
[2018-03-15T12:44:07,545][INFO ][o.e.n.Node               ] [8Pc6hVD] closing ...
[2018-03-15T12:44:07,560][INFO ][o.e.n.Node               ] [8Pc6hVD] closed
[2018-03-15T12:55:42,285][INFO ][o.e.n.Node               ] [] initializing ...
[2018-03-15T12:55:42,394][INFO ][o.e.e.NodeEnvironment    ] [8Pc6hVD] using [1] data paths, mounts [[/home (/dev/sda4)]], net usable_space [133.2gb], net total_space [348.4gb], types [ext4]
[2018-03-15T12:55:42,394][INFO ][o.e.e.NodeEnvironment    ] [8Pc6hVD] heap size [990.7mb], compressed ordinary object pointers [true]
[2018-03-15T12:55:42,545][INFO ][o.e.n.Node               ] node name [8Pc6hVD] derived from node ID [8Pc6hVDLQziRJ8xUHOCEEA]; set [node.name] to override
[2018-03-15T12:55:42,545][INFO ][o.e.n.Node               ] version[6.2.2], pid[17088], build[10b1edd/2018-02-16T19:01:30.685723Z], OS[Linux/4.4.0-62-generic/amd64], JVM[Oracle Corporation/Java HotSpot(TM) 64-Bit Server VM/1.8.0_161/25.161-b12]
[2018-03-15T12:55:42,545][INFO ][o.e.n.Node               ] JVM arguments [-Xms1g, -Xmx1g, -XX:+UseConcMarkSweepGC, -XX:CMSInitiatingOccupancyFraction=75, -XX:+UseCMSInitiatingOccupancyOnly, -XX:+AlwaysPreTouch, -Xss1m, -Djava.awt.headless=true, -Dfile.encoding=UTF-8, -Djna.nosys=true, -XX:-OmitStackTraceInFastThrow, -Dio.netty.noUnsafe=true, -Dio.netty.noKeySetOptimization=true, -Dio.netty.recycler.maxCapacityPerThread=0, -Dlog4j.shutdownHookEnabled=false, -Dlog4j2.disable.jmx=true, -Djava.io.tmpdir=/tmp/elasticsearch.Adiv155J, -XX:+HeapDumpOnOutOfMemoryError, -XX:+PrintGCDetails, -XX:+PrintGCDateStamps, -XX:+PrintTenuringDistribution, -XX:+PrintGCApplicationStoppedTime, -Xloggc:logs/gc.log, -XX:+UseGCLogFileRotation, -XX:NumberOfGCLogFiles=32, -XX:GCLogFileSize=64m, -Des.path.home=/home/marjan/Documents/LogAnalyzer/elasticsearch, -Des.path.conf=/home/marjan/Documents/LogAnalyzer/elasticsearch/config]
[2018-03-15T12:55:44,344][INFO ][o.e.p.PluginsService     ] [8Pc6hVD] loaded module [aggs-matrix-stats]
[2018-03-15T12:55:44,344][INFO ][o.e.p.PluginsService     ] [8Pc6hVD] loaded module [analysis-common]
[2018-03-15T12:55:44,344][INFO ][o.e.p.PluginsService     ] [8Pc6hVD] loaded module [ingest-common]
[2018-03-15T12:55:44,344][INFO ][o.e.p.PluginsService     ] [8Pc6hVD] loaded module [lang-expression]
[2018-03-15T12:55:44,344][INFO ][o.e.p.PluginsService     ] [8Pc6hVD] loaded module [lang-mustache]
[2018-03-15T12:55:44,344][INFO ][o.e.p.PluginsService     ] [8Pc6hVD] loaded module [lang-painless]
[2018-03-15T12:55:44,345][INFO ][o.e.p.PluginsService     ] [8Pc6hVD] loaded module [mapper-extras]
[2018-03-15T12:55:44,345][INFO ][o.e.p.PluginsService     ] [8Pc6hVD] loaded module [parent-join]
[2018-03-15T12:55:44,345][INFO ][o.e.p.PluginsService     ] [8Pc6hVD] loaded module [percolator]
[2018-03-15T12:55:44,345][INFO ][o.e.p.PluginsService     ] [8Pc6hVD] loaded module [rank-eval]
[2018-03-15T12:55:44,345][INFO ][o.e.p.PluginsService     ] [8Pc6hVD] loaded module [reindex]
[2018-03-15T12:55:44,345][INFO ][o.e.p.PluginsService     ] [8Pc6hVD] loaded module [repository-url]
[2018-03-15T12:55:44,345][INFO ][o.e.p.PluginsService     ] [8Pc6hVD] loaded module [transport-netty4]
[2018-03-15T12:55:44,345][INFO ][o.e.p.PluginsService     ] [8Pc6hVD] loaded module [tribe]
[2018-03-15T12:55:44,345][INFO ][o.e.p.PluginsService     ] [8Pc6hVD] loaded plugin [x-pack-core]
[2018-03-15T12:55:44,346][INFO ][o.e.p.PluginsService     ] [8Pc6hVD] loaded plugin [x-pack-deprecation]
[2018-03-15T12:55:44,346][INFO ][o.e.p.PluginsService     ] [8Pc6hVD] loaded plugin [x-pack-graph]
[2018-03-15T12:55:44,346][INFO ][o.e.p.PluginsService     ] [8Pc6hVD] loaded plugin [x-pack-logstash]
[2018-03-15T12:55:44,346][INFO ][o.e.p.PluginsService     ] [8Pc6hVD] loaded plugin [x-pack-ml]
[2018-03-15T12:55:44,346][INFO ][o.e.p.PluginsService     ] [8Pc6hVD] loaded plugin [x-pack-monitoring]
[2018-03-15T12:55:44,346][INFO ][o.e.p.PluginsService     ] [8Pc6hVD] loaded plugin [x-pack-security]
[2018-03-15T12:55:44,346][INFO ][o.e.p.PluginsService     ] [8Pc6hVD] loaded plugin [x-pack-upgrade]
[2018-03-15T12:55:44,346][INFO ][o.e.p.PluginsService     ] [8Pc6hVD] loaded plugin [x-pack-watcher]
[2018-03-15T12:55:47,887][INFO ][o.e.x.m.j.p.l.CppLogMessageHandler] [controller/17151] [Main.cc@128] controller (64 bit): Version 6.2.2 (Build 61c43548e5e0f2) Copyright (c) 2018 Elasticsearch BV
[2018-03-15T12:55:48,082][DEBUG][o.e.a.ActionModule       ] Using REST wrapper from plugin org.elasticsearch.xpack.security.Security
[2018-03-15T12:55:48,405][INFO ][o.e.d.DiscoveryModule    ] [8Pc6hVD] using discovery type [zen]
[2018-03-15T12:55:49,007][INFO ][o.e.n.Node               ] initialized
[2018-03-15T12:55:49,007][INFO ][o.e.n.Node               ] [8Pc6hVD] starting ...
[2018-03-15T12:55:49,130][INFO ][o.e.t.TransportService   ] [8Pc6hVD] publish_address {127.0.0.1:9300}, bound_addresses {127.0.0.1:9300}
[2018-03-15T12:55:49,170][WARN ][o.e.b.BootstrapChecks    ] [8Pc6hVD] max virtual memory areas vm.max_map_count [65530] is too low, increase to at least [262144]
[2018-03-15T12:55:52,286][INFO ][o.e.c.s.MasterService    ] [8Pc6hVD] zen-disco-elected-as-master ([0] nodes joined), reason: new_master {8Pc6hVD}{8Pc6hVDLQziRJ8xUHOCEEA}{SkTU_eDlQye3wKYt_ncwRw}{127.0.0.1}{127.0.0.1:9300}{ml.machine_memory=12487860224, ml.max_open_jobs=20, ml.enabled=true}
[2018-03-15T12:55:52,292][INFO ][o.e.c.s.ClusterApplierService] [8Pc6hVD] new_master {8Pc6hVD}{8Pc6hVDLQziRJ8xUHOCEEA}{SkTU_eDlQye3wKYt_ncwRw}{127.0.0.1}{127.0.0.1:9300}{ml.machine_memory=12487860224, ml.max_open_jobs=20, ml.enabled=true}, reason: apply cluster state (from master [master {8Pc6hVD}{8Pc6hVDLQziRJ8xUHOCEEA}{SkTU_eDlQye3wKYt_ncwRw}{127.0.0.1}{127.0.0.1:9300}{ml.machine_memory=12487860224, ml.max_open_jobs=20, ml.enabled=true} committed version [1] source [zen-disco-elected-as-master ([0] nodes joined)]])
[2018-03-15T12:55:52,321][INFO ][o.e.x.s.t.n.SecurityNetty4HttpServerTransport] [8Pc6hVD] publish_address {127.0.0.1:9200}, bound_addresses {127.0.0.1:9200}
[2018-03-15T12:55:52,321][INFO ][o.e.n.Node               ] [8Pc6hVD] started
[2018-03-15T12:55:53,771][INFO ][o.e.l.LicenseService     ] [8Pc6hVD] license [33ddb6e4-da7d-4dac-9e7b-bbb0a725d5d7] mode [trial] - valid
[2018-03-15T12:55:53,783][INFO ][o.e.g.GatewayService     ] [8Pc6hVD] recovered [11] indices into cluster_state
[2018-03-15T12:55:54,601][ERROR][o.e.x.s.a.e.ReservedRealm] [8Pc6hVD] failed to retrieve password hash for reserved user [kibana]
org.elasticsearch.action.NoShardAvailableActionException: No shard available for [get [.security][doc][reserved-user-kibana]: routing [null]]
	at org.elasticsearch.action.support.single.shard.TransportSingleShardAction$AsyncSingleAction.perform(TransportSingleShardAction.java:209) ~[elasticsearch-6.2.2.jar:6.2.2]
	at org.elasticsearch.action.support.single.shard.TransportSingleShardAction$AsyncSingleAction.start(TransportSingleShardAction.java:186) ~[elasticsearch-6.2.2.jar:6.2.2]
	at org.elasticsearch.action.support.single.shard.TransportSingleShardAction.doExecute(TransportSingleShardAction.java:95) ~[elasticsearch-6.2.2.jar:6.2.2]
	at org.elasticsearch.action.support.single.shard.TransportSingleShardAction.doExecute(TransportSingleShardAction.java:59) ~[elasticsearch-6.2.2.jar:6.2.2]
	at org.elasticsearch.action.support.TransportAction.doExecute(TransportAction.java:143) ~[elasticsearch-6.2.2.jar:6.2.2]
	at org.elasticsearch.action.support.TransportAction$RequestFilterChain.proceed(TransportAction.java:167) ~[elasticsearch-6.2.2.jar:6.2.2]
	at org.elasticsearch.xpack.security.action.filter.SecurityActionFilter.lambda$apply$0(SecurityActionFilter.java:103) ~[?:?]
	at org.elasticsearch.action.ActionListener$1.onResponse(ActionListener.java:60) ~[elasticsearch-6.2.2.jar:6.2.2]
	at org.elasticsearch.xpack.security.action.filter.SecurityActionFilter.lambda$authorizeRequest$4(SecurityActionFilter.java:188) ~[?:?]
	at org.elasticsearch.xpack.security.authz.AuthorizationUtils$AsyncAuthorizer.maybeRun(AuthorizationUtils.java:183) ~[?:?]
	at org.elasticsearch.xpack.security.authz.AuthorizationUtils$AsyncAuthorizer.setRunAsRoles(AuthorizationUtils.java:177) ~[?:?]
	at org.elasticsearch.xpack.security.authz.AuthorizationUtils$AsyncAuthorizer.authorize(AuthorizationUtils.java:165) ~[?:?]
	at org.elasticsearch.xpack.security.action.filter.SecurityActionFilter.authorizeRequest(SecurityActionFilter.java:190) ~[?:?]
	at org.elasticsearch.xpack.security.action.filter.SecurityActionFilter.lambda$applyInternal$3(SecurityActionFilter.java:166) ~[?:?]
	at org.elasticsearch.action.ActionListener$1.onResponse(ActionListener.java:60) ~[elasticsearch-6.2.2.jar:6.2.2]
	at org.elasticsearch.xpack.security.authc.AuthenticationService$Authenticator.lambda$authenticateAsync$2(AuthenticationService.java:184) ~[?:?]
	at org.elasticsearch.xpack.security.authc.AuthenticationService$Authenticator.lambda$lookForExistingAuthentication$4(AuthenticationService.java:217) ~[?:?]
	at org.elasticsearch.xpack.security.authc.AuthenticationService$Authenticator.lookForExistingAuthentication(AuthenticationService.java:228) ~[?:?]
	at org.elasticsearch.xpack.security.authc.AuthenticationService$Authenticator.authenticateAsync(AuthenticationService.java:182) ~[?:?]
	at org.elasticsearch.xpack.security.authc.AuthenticationService$Authenticator.access$000(AuthenticationService.java:143) ~[?:?]
	at org.elasticsearch.xpack.security.authc.AuthenticationService.authenticate(AuthenticationService.java:113) ~[?:?]
	at org.elasticsearch.xpack.security.action.filter.SecurityActionFilter.applyInternal(SecurityActionFilter.java:165) ~[?:?]
	at org.elasticsearch.xpack.security.action.filter.SecurityActionFilter.lambda$apply$2(SecurityActionFilter.java:117) ~[?:?]
	at org.elasticsearch.xpack.core.security.SecurityContext.executeAsUser(SecurityContext.java:107) ~[?:?]
	at org.elasticsearch.xpack.security.authz.AuthorizationUtils.switchUserBasedOnActionOriginAndExecute(AuthorizationUtils.java:117) ~[?:?]
	at org.elasticsearch.xpack.security.action.filter.SecurityActionFilter.apply(SecurityActionFilter.java:115) ~[?:?]
	at org.elasticsearch.action.support.TransportAction$RequestFilterChain.proceed(TransportAction.java:165) ~[elasticsearch-6.2.2.jar:6.2.2]
	at org.elasticsearch.action.support.TransportAction.execute(TransportAction.java:139) ~[elasticsearch-6.2.2.jar:6.2.2]
	at org.elasticsearch.action.support.TransportAction.execute(TransportAction.java:81) ~[elasticsearch-6.2.2.jar:6.2.2]
	at org.elasticsearch.client.node.NodeClient.executeLocally(NodeClient.java:83) ~[elasticsearch-6.2.2.jar:6.2.2]
	at org.elasticsearch.client.node.NodeClient.doExecute(NodeClient.java:72) ~[elasticsearch-6.2.2.jar:6.2.2]
	at org.elasticsearch.client.support.AbstractClient.execute(AbstractClient.java:405) ~[elasticsearch-6.2.2.jar:6.2.2]
	at org.elasticsearch.client.support.AbstractClient.get(AbstractClient.java:497) ~[elasticsearch-6.2.2.jar:6.2.2]
	at org.elasticsearch.xpack.core.ClientHelper.executeAsyncWithOrigin(ClientHelper.java:73) ~[?:?]
	at org.elasticsearch.xpack.security.authc.esnative.NativeUsersStore.lambda$getReservedUserInfo$16(NativeUsersStore.java:504) ~[?:?]
	at org.elasticsearch.xpack.security.support.IndexLifecycleManager.prepareIndexIfNeededThenExecute(IndexLifecycleManager.java:356) ~[?:?]
	at org.elasticsearch.xpack.security.SecurityLifecycleService.prepareIndexIfNeededThenExecute(SecurityLifecycleService.java:221) ~[?:?]
	at org.elasticsearch.xpack.security.authc.esnative.NativeUsersStore.getReservedUserInfo(NativeUsersStore.java:503) ~[?:?]
	at org.elasticsearch.xpack.security.authc.esnative.ReservedRealm.getUserInfo(ReservedRealm.java:203) ~[?:?]
	at org.elasticsearch.xpack.security.authc.esnative.ReservedRealm.doAuthenticate(ReservedRealm.java:99) ~[?:?]
	at org.elasticsearch.xpack.security.authc.support.CachingUsernamePasswordRealm.doAuthenticateAndCache(CachingUsernamePasswordRealm.java:161) ~[?:?]
	at org.elasticsearch.xpack.security.authc.support.CachingUsernamePasswordRealm.authenticateWithCache(CachingUsernamePasswordRealm.java:100) ~[?:?]
	at org.elasticsearch.xpack.security.authc.support.CachingUsernamePasswordRealm.authenticate(CachingUsernamePasswordRealm.java:85) ~[?:?]
	at org.elasticsearch.xpack.security.authc.AuthenticationService$Authenticator.lambda$consumeToken$13(AuthenticationService.java:274) ~[?:?]
	at org.elasticsearch.xpack.core.common.IteratingActionListener.run(IteratingActionListener.java:93) ~[?:?]
	at org.elasticsearch.xpack.security.authc.AuthenticationService$Authenticator.consumeToken(AuthenticationService.java:310) ~[?:?]
	at org.elasticsearch.xpack.security.authc.AuthenticationService$Authenticator.lambda$extractToken$9(AuthenticationService.java:246) ~[?:?]
	at org.elasticsearch.xpack.security.authc.AuthenticationService$Authenticator.extractToken(AuthenticationService.java:256) ~[?:?]
	at org.elasticsearch.xpack.security.authc.AuthenticationService$Authenticator.lambda$authenticateAsync$0(AuthenticationService.java:190) ~[?:?]
	at org.elasticsearch.action.ActionListener$1.onResponse(ActionListener.java:60) ~[elasticsearch-6.2.2.jar:6.2.2]
	at org.elasticsearch.xpack.security.authc.TokenService.getAndValidateToken(TokenService.java:313) ~[x-pack-security-6.2.2.jar:6.2.2]
	at org.elasticsearch.xpack.security.authc.AuthenticationService$Authenticator.lambda$authenticateAsync$2(AuthenticationService.java:186) ~[x-pack-security-6.2.2.jar:6.2.2]
	at org.elasticsearch.xpack.security.authc.AuthenticationService$Authenticator.lambda$lookForExistingAuthentication$4(AuthenticationService.java:217) ~[x-pack-security-6.2.2.jar:6.2.2]
	at org.elasticsearch.xpack.security.authc.AuthenticationService$Authenticator.lookForExistingAuthentication(AuthenticationService.java:228) [x-pack-security-6.2.2.jar:6.2.2]
	at org.elasticsearch.xpack.security.authc.AuthenticationService$Authenticator.authenticateAsync(AuthenticationService.java:182) [x-pack-security-6.2.2.jar:6.2.2]
	at org.elasticsearch.xpack.security.authc.AuthenticationService$Authenticator.access$000(AuthenticationService.java:143) [x-pack-security-6.2.2.jar:6.2.2]
	at org.elasticsearch.xpack.security.authc.AuthenticationService.authenticate(AuthenticationService.java:96) [x-pack-security-6.2.2.jar:6.2.2]
	at org.elasticsearch.xpack.security.rest.SecurityRestFilter.handleRequest(SecurityRestFilter.java:70) [x-pack-security-6.2.2.jar:6.2.2]
	at org.elasticsearch.rest.RestController.dispatchRequest(RestController.java:240) [elasticsearch-6.2.2.jar:6.2.2]
	at org.elasticsearch.rest.RestController.tryAllHandlers(RestController.java:336) [elasticsearch-6.2.2.jar:6.2.2]
	at org.elasticsearch.rest.RestController.dispatchRequest(RestController.java:174) [elasticsearch-6.2.2.jar:6.2.2]
	at org.elasticsearch.http.netty4.Netty4HttpServerTransport.dispatchRequest(Netty4HttpServerTransport.java:500) [transport-netty4-6.2.2.jar:6.2.2]
	at org.elasticsearch.http.netty4.Netty4HttpRequestHandler.channelRead0(Netty4HttpRequestHandler.java:80) [transport-netty4-6.2.2.jar:6.2.2]
	at io.netty.channel.SimpleChannelInboundHandler.channelRead(SimpleChannelInboundHandler.java:105) [netty-transport-4.1.16.Final.jar:4.1.16.Final]
	at io.netty.channel.AbstractChannelHandlerContext.invokeChannelRead(AbstractChannelHandlerContext.java:362) [netty-transport-4.1.16.Final.jar:4.1.16.Final]
	at io.netty.channel.AbstractChannelHandlerContext.invokeChannelRead(AbstractChannelHandlerContext.java:348) [netty-transport-4.1.16.Final.jar:4.1.16.Final]
	at io.netty.channel.AbstractChannelHandlerContext.fireChannelRead(AbstractChannelHandlerContext.java:340) [netty-transport-4.1.16.Final.jar:4.1.16.Final]
	at org.elasticsearch.http.netty4.pipelining.HttpPipeliningHandler.channelRead(HttpPipeliningHandler.java:68) [transport-netty4-6.2.2.jar:6.2.2]
	at io.netty.channel.AbstractChannelHandlerContext.invokeChannelRead(AbstractChannelHandlerContext.java:362) [netty-transport-4.1.16.Final.jar:4.1.16.Final]
	at io.netty.channel.AbstractChannelHandlerContext.invokeChannelRead(AbstractChannelHandlerContext.java:348) [netty-transport-4.1.16.Final.jar:4.1.16.Final]
	at io.netty.channel.AbstractChannelHandlerContext.fireChannelRead(AbstractChannelHandlerContext.java:340) [netty-transport-4.1.16.Final.jar:4.1.16.Final]
	at io.netty.handler.codec.MessageToMessageDecoder.channelRead(MessageToMessageDecoder.java:102) [netty-codec-4.1.16.Final.jar:4.1.16.Final]
	at io.netty.handler.codec.MessageToMessageCodec.channelRead(MessageToMessageCodec.java:111) [netty-codec-4.1.16.Final.jar:4.1.16.Final]
	at io.netty.channel.AbstractChannelHandlerContext.invokeChannelRead(AbstractChannelHandlerContext.java:362) [netty-transport-4.1.16.Final.jar:4.1.16.Final]
	at io.netty.channel.AbstractChannelHandlerContext.invokeChannelRead(AbstractChannelHandlerContext.java:348) [netty-transport-4.1.16.Final.jar:4.1.16.Final]
	at io.netty.channel.AbstractChannelHandlerContext.fireChannelRead(AbstractChannelHandlerContext.java:340) [netty-transport-4.1.16.Final.jar:4.1.16.Final]
	at io.netty.handler.codec.MessageToMessageDecoder.channelRead(MessageToMessageDecoder.java:102) [netty-codec-4.1.16.Final.jar:4.1.16.Final]
	at io.netty.channel.AbstractChannelHandlerContext.invokeChannelRead(AbstractChannelHandlerContext.java:362) [netty-transport-4.1.16.Final.jar:4.1.16.Final]
	at io.netty.channel.AbstractChannelHandlerContext.invokeChannelRead(AbstractChannelHandlerContext.java:348) [netty-transport-4.1.16.Final.jar:4.1.16.Final]
	at io.netty.channel.AbstractChannelHandlerContext.fireChannelRead(AbstractChannelHandlerContext.java:340) [netty-transport-4.1.16.Final.jar:4.1.16.Final]
	at io.netty.handler.codec.MessageToMessageDecoder.channelRead(MessageToMessageDecoder.java:102) [netty-codec-4.1.16.Final.jar:4.1.16.Final]
	at io.netty.channel.AbstractChannelHandlerContext.invokeChannelRead(AbstractChannelHandlerContext.java:362) [netty-transport-4.1.16.Final.jar:4.1.16.Final]
	at io.netty.channel.AbstractChannelHandlerContext.invokeChannelRead(AbstractChannelHandlerContext.java:348) [netty-transport-4.1.16.Final.jar:4.1.16.Final]
	at io.netty.channel.AbstractChannelHandlerContext.fireChannelRead(AbstractChannelHandlerContext.java:340) [netty-transport-4.1.16.Final.jar:4.1.16.Final]
	at io.netty.handler.codec.ByteToMessageDecoder.fireChannelRead(ByteToMessageDecoder.java:310) [netty-codec-4.1.16.Final.jar:4.1.16.Final]
	at io.netty.handler.codec.ByteToMessageDecoder.channelRead(ByteToMessageDecoder.java:284) [netty-codec-4.1.16.Final.jar:4.1.16.Final]
	at io.netty.channel.AbstractChannelHandlerContext.invokeChannelRead(AbstractChannelHandlerContext.java:362) [netty-transport-4.1.16.Final.jar:4.1.16.Final]
	at io.netty.channel.AbstractChannelHandlerContext.invokeChannelRead(AbstractChannelHandlerContext.java:348) [netty-transport-4.1.16.Final.jar:4.1.16.Final]
	at io.netty.channel.AbstractChannelHandlerContext.fireChannelRead(AbstractChannelHandlerContext.java:340) [netty-transport-4.1.16.Final.jar:4.1.16.Final]
	at io.netty.handler.timeout.IdleStateHandler.channelRead(IdleStateHandler.java:286) [netty-handler-4.1.16.Final.jar:4.1.16.Final]
	at io.netty.channel.AbstractChannelHandlerContext.invokeChannelRead(AbstractChannelHandlerContext.java:362) [netty-transport-4.1.16.Final.jar:4.1.16.Final]
	at io.netty.channel.AbstractChannelHandlerContext.invokeChannelRead(AbstractChannelHandlerContext.java:348) [netty-transport-4.1.16.Final.jar:4.1.16.Final]
	at io.netty.channel.AbstractChannelHandlerContext.fireChannelRead(AbstractChannelHandlerContext.java:340) [netty-transport-4.1.16.Final.jar:4.1.16.Final]
	at io.netty.channel.ChannelInboundHandlerAdapter.channelRead(ChannelInboundHandlerAdapter.java:86) [netty-transport-4.1.16.Final.jar:4.1.16.Final]
	at io.netty.channel.AbstractChannelHandlerContext.invokeChannelRead(AbstractChannelHandlerContext.java:362) [netty-transport-4.1.16.Final.jar:4.1.16.Final]
	at io.netty.channel.AbstractChannelHandlerContext.invokeChannelRead(AbstractChannelHandlerContext.java:348) [netty-transport-4.1.16.Final.jar:4.1.16.Final]
	at io.netty.channel.AbstractChannelHandlerContext.fireChannelRead(AbstractChannelHandlerContext.java:340) [netty-transport-4.1.16.Final.jar:4.1.16.Final]
	at io.netty.channel.DefaultChannelPipeline$HeadContext.channelRead(DefaultChannelPipeline.java:1359) [netty-transport-4.1.16.Final.jar:4.1.16.Final]
	at io.netty.channel.AbstractChannelHandlerContext.invokeChannelRead(AbstractChannelHandlerContext.java:362) [netty-transport-4.1.16.Final.jar:4.1.16.Final]
	at io.netty.channel.AbstractChannelHandlerContext.invokeChannelRead(AbstractChannelHandlerContext.java:348) [netty-transport-4.1.16.Final.jar:4.1.16.Final]
	at io.netty.channel.DefaultChannelPipeline.fireChannelRead(DefaultChannelPipeline.java:935) [netty-transport-4.1.16.Final.jar:4.1.16.Final]
	at io.netty.channel.nio.AbstractNioByteChannel$NioByteUnsafe.read(AbstractNioByteChannel.java:134) [netty-transport-4.1.16.Final.jar:4.1.16.Final]
	at io.netty.channel.nio.NioEventLoop.processSelectedKey(NioEventLoop.java:645) [netty-transport-4.1.16.Final.jar:4.1.16.Final]
	at io.netty.channel.nio.NioEventLoop.processSelectedKeysPlain(NioEventLoop.java:545) [netty-transport-4.1.16.Final.jar:4.1.16.Final]
	at io.netty.channel.nio.NioEventLoop.processSelectedKeys(NioEventLoop.java:499) [netty-transport-4.1.16.Final.jar:4.1.16.Final]
	at io.netty.channel.nio.NioEventLoop.run(NioEventLoop.java:459) [netty-transport-4.1.16.Final.jar:4.1.16.Final]
	at io.netty.util.concurrent.SingleThreadEventExecutor$5.run(SingleThreadEventExecutor.java:858) [netty-common-4.1.16.Final.jar:4.1.16.Final]
	at java.lang.Thread.run(Thread.java:748) [?:1.8.0_161]
[2018-03-15T12:55:54,627][INFO ][o.e.x.s.a.AuthenticationService] [8Pc6hVD] Authentication of [kibana] was terminated by realm [reserved] - failed to authenticate user [kibana]
[2018-03-15T12:55:54,668][ERROR][o.e.x.s.a.e.ReservedRealm] [8Pc6hVD] failed to retrieve password hash for reserved user [kibana]
org.elasticsearch.action.NoShardAvailableActionException: No shard available for [get [.security][doc][reserved-user-kibana]: routing [null]]
	at org.elasticsearch.action.support.single.shard.TransportSingleShardAction$AsyncSingleAction.perform(TransportSingleShardAction.java:209) ~[elasticsearch-6.2.2.jar:6.2.2]
	at org.elasticsearch.action.support.single.shard.TransportSingleShardAction$AsyncSingleAction.start(TransportSingleShardAction.java:186) ~[elasticsearch-6.2.2.jar:6.2.2]
	at org.elasticsearch.action.support.single.shard.TransportSingleShardAction.doExecute(TransportSingleShardAction.java:95) ~[elasticsearch-6.2.2.jar:6.2.2]
	at org.elasticsearch.action.support.single.shard.TransportSingleShardAction.doExecute(TransportSingleShardAction.java:59) ~[elasticsearch-6.2.2.jar:6.2.2]
	at org.elasticsearch.action.support.TransportAction.doExecute(TransportAction.java:143) ~[elasticsearch-6.2.2.jar:6.2.2]
	at org.elasticsearch.action.support.TransportAction$RequestFilterChain.proceed(TransportAction.java:167) ~[elasticsearch-6.2.2.jar:6.2.2]
	at org.elasticsearch.xpack.security.action.filter.SecurityActionFilter.lambda$apply$0(SecurityActionFilter.java:103) ~[?:?]
	at org.elasticsearch.action.ActionListener$1.onResponse(ActionListener.java:60) ~[elasticsearch-6.2.2.jar:6.2.2]
	at org.elasticsearch.xpack.security.action.filter.SecurityActionFilter.lambda$authorizeRequest$4(SecurityActionFilter.java:188) ~[?:?]
	at org.elasticsearch.xpack.security.authz.AuthorizationUtils$AsyncAuthorizer.maybeRun(AuthorizationUtils.java:183) ~[?:?]
	at org.elasticsearch.xpack.security.authz.AuthorizationUtils$AsyncAuthorizer.setRunAsRoles(AuthorizationUtils.java:177) ~[?:?]
	at org.elasticsearch.xpack.security.authz.AuthorizationUtils$AsyncAuthorizer.authorize(AuthorizationUtils.java:165) ~[?:?]
	at org.elasticsearch.xpack.security.action.filter.SecurityActionFilter.authorizeRequest(SecurityActionFilter.java:190) ~[?:?]
	at org.elasticsearch.xpack.security.action.filter.SecurityActionFilter.lambda$applyInternal$3(SecurityActionFilter.java:166) ~[?:?]
	at org.elasticsearch.action.ActionListener$1.onResponse(ActionListener.java:60) ~[elasticsearch-6.2.2.jar:6.2.2]
	at org.elasticsearch.xpack.security.authc.AuthenticationService$Authenticator.lambda$authenticateAsync$2(AuthenticationService.java:184) ~[?:?]
	at org.elasticsearch.xpack.security.authc.AuthenticationService$Authenticator.lambda$lookForExistingAuthentication$4(AuthenticationService.java:217) ~[?:?]
	at org.elasticsearch.xpack.security.authc.AuthenticationService$Authenticator.lookForExistingAuthentication(AuthenticationService.java:228) ~[?:?]
	at org.elasticsearch.xpack.security.authc.AuthenticationService$Authenticator.authenticateAsync(AuthenticationService.java:182) ~[?:?]
	at org.elasticsearch.xpack.security.authc.AuthenticationService$Authenticator.access$000(AuthenticationService.java:143) ~[?:?]
	at org.elasticsearch.xpack.security.authc.AuthenticationService.authenticate(AuthenticationService.java:113) ~[?:?]
	at org.elasticsearch.xpack.security.action.filter.SecurityActionFilter.applyInternal(SecurityActionFilter.java:165) ~[?:?]
	at org.elasticsearch.xpack.security.action.filter.SecurityActionFilter.lambda$apply$2(SecurityActionFilter.java:117) ~[?:?]
	at org.elasticsearch.xpack.core.security.SecurityContext.executeAsUser(SecurityContext.java:107) ~[?:?]
	at org.elasticsearch.xpack.security.authz.AuthorizationUtils.switchUserBasedOnActionOriginAndExecute(AuthorizationUtils.java:117) ~[?:?]
	at org.elasticsearch.xpack.security.action.filter.SecurityActionFilter.apply(SecurityActionFilter.java:115) ~[?:?]
	at org.elasticsearch.action.support.TransportAction$RequestFilterChain.proceed(TransportAction.java:165) ~[elasticsearch-6.2.2.jar:6.2.2]
	at org.elasticsearch.action.support.TransportAction.execute(TransportAction.java:139) ~[elasticsearch-6.2.2.jar:6.2.2]
	at org.elasticsearch.action.support.TransportAction.execute(TransportAction.java:81) ~[elasticsearch-6.2.2.jar:6.2.2]
	at org.elasticsearch.client.node.NodeClient.executeLocally(NodeClient.java:83) ~[elasticsearch-6.2.2.jar:6.2.2]
	at org.elasticsearch.client.node.NodeClient.doExecute(NodeClient.java:72) ~[elasticsearch-6.2.2.jar:6.2.2]
	at org.elasticsearch.client.support.AbstractClient.execute(AbstractClient.java:405) ~[elasticsearch-6.2.2.jar:6.2.2]
	at org.elasticsearch.client.support.AbstractClient.get(AbstractClient.java:497) ~[elasticsearch-6.2.2.jar:6.2.2]
	at org.elasticsearch.xpack.core.ClientHelper.executeAsyncWithOrigin(ClientHelper.java:73) ~[?:?]
	at org.elasticsearch.xpack.security.authc.esnative.NativeUsersStore.lambda$getReservedUserInfo$16(NativeUsersStore.java:504) ~[?:?]
	at org.elasticsearch.xpack.security.support.IndexLifecycleManager.prepareIndexIfNeededThenExecute(IndexLifecycleManager.java:356) ~[?:?]
	at org.elasticsearch.xpack.security.SecurityLifecycleService.prepareIndexIfNeededThenExecute(SecurityLifecycleService.java:221) ~[?:?]
	at org.elasticsearch.xpack.security.authc.esnative.NativeUsersStore.getReservedUserInfo(NativeUsersStore.java:503) ~[?:?]
	at org.elasticsearch.xpack.security.authc.esnative.ReservedRealm.getUserInfo(ReservedRealm.java:203) ~[?:?]
	at org.elasticsearch.xpack.security.authc.esnative.ReservedRealm.doAuthenticate(ReservedRealm.java:99) ~[?:?]
	at org.elasticsearch.xpack.security.authc.support.CachingUsernamePasswordRealm.doAuthenticateAndCache(CachingUsernamePasswordRealm.java:161) ~[?:?]
	at org.elasticsearch.xpack.security.authc.support.CachingUsernamePasswordRealm.authenticateWithCache(CachingUsernamePasswordRealm.java:100) ~[?:?]
	at org.elasticsearch.xpack.security.authc.support.CachingUsernamePasswordRealm.authenticate(CachingUsernamePasswordRealm.java:85) ~[?:?]
	at org.elasticsearch.xpack.security.authc.AuthenticationService$Authenticator.lambda$consumeToken$13(AuthenticationService.java:274) ~[?:?]
	at org.elasticsearch.xpack.core.common.IteratingActionListener.run(IteratingActionListener.java:93) ~[?:?]
	at org.elasticsearch.xpack.security.authc.AuthenticationService$Authenticator.consumeToken(AuthenticationService.java:310) ~[?:?]
	at org.elasticsearch.xpack.security.authc.AuthenticationService$Authenticator.lambda$extractToken$9(AuthenticationService.java:246) ~[?:?]
	at org.elasticsearch.xpack.security.authc.AuthenticationService$Authenticator.extractToken(AuthenticationService.java:256) ~[?:?]
	at org.elasticsearch.xpack.security.authc.AuthenticationService$Authenticator.lambda$authenticateAsync$0(AuthenticationService.java:190) ~[?:?]
	at org.elasticsearch.action.ActionListener$1.onResponse(ActionListener.java:60) ~[elasticsearch-6.2.2.jar:6.2.2]
	at org.elasticsearch.xpack.security.authc.TokenService.getAndValidateToken(TokenService.java:313) ~[x-pack-security-6.2.2.jar:6.2.2]
	at org.elasticsearch.xpack.security.authc.AuthenticationService$Authenticator.lambda$authenticateAsync$2(AuthenticationService.java:186) ~[x-pack-security-6.2.2.jar:6.2.2]
	at org.elasticsearch.xpack.security.authc.AuthenticationService$Authenticator.lambda$lookForExistingAuthentication$4(AuthenticationService.java:217) ~[x-pack-security-6.2.2.jar:6.2.2]
	at org.elasticsearch.xpack.security.authc.AuthenticationService$Authenticator.lookForExistingAuthentication(AuthenticationService.java:228) [x-pack-security-6.2.2.jar:6.2.2]
	at org.elasticsearch.xpack.security.authc.AuthenticationService$Authenticator.authenticateAsync(AuthenticationService.java:182) [x-pack-security-6.2.2.jar:6.2.2]
	at org.elasticsearch.xpack.security.authc.AuthenticationService$Authenticator.access$000(AuthenticationService.java:143) [x-pack-security-6.2.2.jar:6.2.2]
	at org.elasticsearch.xpack.security.authc.AuthenticationService.authenticate(AuthenticationService.java:96) [x-pack-security-6.2.2.jar:6.2.2]
	at org.elasticsearch.xpack.security.rest.SecurityRestFilter.handleRequest(SecurityRestFilter.java:70) [x-pack-security-6.2.2.jar:6.2.2]
	at org.elasticsearch.rest.RestController.dispatchRequest(RestController.java:240) [elasticsearch-6.2.2.jar:6.2.2]
	at org.elasticsearch.rest.RestController.tryAllHandlers(RestController.java:336) [elasticsearch-6.2.2.jar:6.2.2]
	at org.elasticsearch.rest.RestController.dispatchRequest(RestController.java:174) [elasticsearch-6.2.2.jar:6.2.2]
	at org.elasticsearch.http.netty4.Netty4HttpServerTransport.dispatchRequest(Netty4HttpServerTransport.java:500) [transport-netty4-6.2.2.jar:6.2.2]
	at org.elasticsearch.http.netty4.Netty4HttpRequestHandler.channelRead0(Netty4HttpRequestHandler.java:80) [transport-netty4-6.2.2.jar:6.2.2]
	at io.netty.channel.SimpleChannelInboundHandler.channelRead(SimpleChannelInboundHandler.java:105) [netty-transport-4.1.16.Final.jar:4.1.16.Final]
	at io.netty.channel.AbstractChannelHandlerContext.invokeChannelRead(AbstractChannelHandlerContext.java:362) [netty-transport-4.1.16.Final.jar:4.1.16.Final]
	at io.netty.channel.AbstractChannelHandlerContext.invokeChannelRead(AbstractChannelHandlerContext.java:348) [netty-transport-4.1.16.Final.jar:4.1.16.Final]
	at io.netty.channel.AbstractChannelHandlerContext.fireChannelRead(AbstractChannelHandlerContext.java:340) [netty-transport-4.1.16.Final.jar:4.1.16.Final]
	at org.elasticsearch.http.netty4.pipelining.HttpPipeliningHandler.channelRead(HttpPipeliningHandler.java:68) [transport-netty4-6.2.2.jar:6.2.2]
	at io.netty.channel.AbstractChannelHandlerContext.invokeChannelRead(AbstractChannelHandlerContext.java:362) [netty-transport-4.1.16.Final.jar:4.1.16.Final]
	at io.netty.channel.AbstractChannelHandlerContext.invokeChannelRead(AbstractChannelHandlerContext.java:348) [netty-transport-4.1.16.Final.jar:4.1.16.Final]
	at io.netty.channel.AbstractChannelHandlerContext.fireChannelRead(AbstractChannelHandlerContext.java:340) [netty-transport-4.1.16.Final.jar:4.1.16.Final]
	at io.netty.handler.codec.MessageToMessageDecoder.channelRead(MessageToMessageDecoder.java:102) [netty-codec-4.1.16.Final.jar:4.1.16.Final]
	at io.netty.handler.codec.MessageToMessageCodec.channelRead(MessageToMessageCodec.java:111) [netty-codec-4.1.16.Final.jar:4.1.16.Final]
	at io.netty.channel.AbstractChannelHandlerContext.invokeChannelRead(AbstractChannelHandlerContext.java:362) [netty-transport-4.1.16.Final.jar:4.1.16.Final]
	at io.netty.channel.AbstractChannelHandlerContext.invokeChannelRead(AbstractChannelHandlerContext.java:348) [netty-transport-4.1.16.Final.jar:4.1.16.Final]
	at io.netty.channel.AbstractChannelHandlerContext.fireChannelRead(AbstractChannelHandlerContext.java:340) [netty-transport-4.1.16.Final.jar:4.1.16.Final]
	at io.netty.handler.codec.MessageToMessageDecoder.channelRead(MessageToMessageDecoder.java:102) [netty-codec-4.1.16.Final.jar:4.1.16.Final]
	at io.netty.channel.AbstractChannelHandlerContext.invokeChannelRead(AbstractChannelHandlerContext.java:362) [netty-transport-4.1.16.Final.jar:4.1.16.Final]
	at io.netty.channel.AbstractChannelHandlerContext.invokeChannelRead(AbstractChannelHandlerContext.java:348) [netty-transport-4.1.16.Final.jar:4.1.16.Final]
	at io.netty.channel.AbstractChannelHandlerContext.fireChannelRead(AbstractChannelHandlerContext.java:340) [netty-transport-4.1.16.Final.jar:4.1.16.Final]
	at io.netty.handler.codec.MessageToMessageDecoder.channelRead(MessageToMessageDecoder.java:102) [netty-codec-4.1.16.Final.jar:4.1.16.Final]
	at io.netty.channel.AbstractChannelHandlerContext.invokeChannelRead(AbstractChannelHandlerContext.java:362) [netty-transport-4.1.16.Final.jar:4.1.16.Final]
	at io.netty.channel.AbstractChannelHandlerContext.invokeChannelRead(AbstractChannelHandlerContext.java:348) [netty-transport-4.1.16.Final.jar:4.1.16.Final]
	at io.netty.channel.AbstractChannelHandlerContext.fireChannelRead(AbstractChannelHandlerContext.java:340) [netty-transport-4.1.16.Final.jar:4.1.16.Final]
	at io.netty.handler.codec.ByteToMessageDecoder.fireChannelRead(ByteToMessageDecoder.java:310) [netty-codec-4.1.16.Final.jar:4.1.16.Final]
	at io.netty.handler.codec.ByteToMessageDecoder.channelRead(ByteToMessageDecoder.java:284) [netty-codec-4.1.16.Final.jar:4.1.16.Final]
	at io.netty.channel.AbstractChannelHandlerContext.invokeChannelRead(AbstractChannelHandlerContext.java:362) [netty-transport-4.1.16.Final.jar:4.1.16.Final]
	at io.netty.channel.AbstractChannelHandlerContext.invokeChannelRead(AbstractChannelHandlerContext.java:348) [netty-transport-4.1.16.Final.jar:4.1.16.Final]
	at io.netty.channel.AbstractChannelHandlerContext.fireChannelRead(AbstractChannelHandlerContext.java:340) [netty-transport-4.1.16.Final.jar:4.1.16.Final]
	at io.netty.handler.timeout.IdleStateHandler.channelRead(IdleStateHandler.java:286) [netty-handler-4.1.16.Final.jar:4.1.16.Final]
	at io.netty.channel.AbstractChannelHandlerContext.invokeChannelRead(AbstractChannelHandlerContext.java:362) [netty-transport-4.1.16.Final.jar:4.1.16.Final]
	at io.netty.channel.AbstractChannelHandlerContext.invokeChannelRead(AbstractChannelHandlerContext.java:348) [netty-transport-4.1.16.Final.jar:4.1.16.Final]
	at io.netty.channel.AbstractChannelHandlerContext.fireChannelRead(AbstractChannelHandlerContext.java:340) [netty-transport-4.1.16.Final.jar:4.1.16.Final]
	at io.netty.channel.ChannelInboundHandlerAdapter.channelRead(ChannelInboundHandlerAdapter.java:86) [netty-transport-4.1.16.Final.jar:4.1.16.Final]
	at io.netty.channel.AbstractChannelHandlerContext.invokeChannelRead(AbstractChannelHandlerContext.java:362) [netty-transport-4.1.16.Final.jar:4.1.16.Final]
	at io.netty.channel.AbstractChannelHandlerContext.invokeChannelRead(AbstractChannelHandlerContext.java:348) [netty-transport-4.1.16.Final.jar:4.1.16.Final]
	at io.netty.channel.AbstractChannelHandlerContext.fireChannelRead(AbstractChannelHandlerContext.java:340) [netty-transport-4.1.16.Final.jar:4.1.16.Final]
	at io.netty.channel.DefaultChannelPipeline$HeadContext.channelRead(DefaultChannelPipeline.java:1359) [netty-transport-4.1.16.Final.jar:4.1.16.Final]
	at io.netty.channel.AbstractChannelHandlerContext.invokeChannelRead(AbstractChannelHandlerContext.java:362) [netty-transport-4.1.16.Final.jar:4.1.16.Final]
	at io.netty.channel.AbstractChannelHandlerContext.invokeChannelRead(AbstractChannelHandlerContext.java:348) [netty-transport-4.1.16.Final.jar:4.1.16.Final]
	at io.netty.channel.DefaultChannelPipeline.fireChannelRead(DefaultChannelPipeline.java:935) [netty-transport-4.1.16.Final.jar:4.1.16.Final]
	at io.netty.channel.nio.AbstractNioByteChannel$NioByteUnsafe.read(AbstractNioByteChannel.java:134) [netty-transport-4.1.16.Final.jar:4.1.16.Final]
	at io.netty.channel.nio.NioEventLoop.processSelectedKey(NioEventLoop.java:645) [netty-transport-4.1.16.Final.jar:4.1.16.Final]
	at io.netty.channel.nio.NioEventLoop.processSelectedKeysPlain(NioEventLoop.java:545) [netty-transport-4.1.16.Final.jar:4.1.16.Final]
	at io.netty.channel.nio.NioEventLoop.processSelectedKeys(NioEventLoop.java:499) [netty-transport-4.1.16.Final.jar:4.1.16.Final]
	at io.netty.channel.nio.NioEventLoop.run(NioEventLoop.java:459) [netty-transport-4.1.16.Final.jar:4.1.16.Final]
	at io.netty.util.concurrent.SingleThreadEventExecutor$5.run(SingleThreadEventExecutor.java:858) [netty-common-4.1.16.Final.jar:4.1.16.Final]
	at java.lang.Thread.run(Thread.java:748) [?:1.8.0_161]
[2018-03-15T12:55:54,685][INFO ][o.e.x.s.a.AuthenticationService] [8Pc6hVD] Authentication of [kibana] was terminated by realm [reserved] - failed to authenticate user [kibana]
[2018-03-15T12:55:54,729][ERROR][o.e.x.s.a.e.ReservedRealm] [8Pc6hVD] failed to retrieve password hash for reserved user [kibana]
org.elasticsearch.action.NoShardAvailableActionException: No shard available for [get [.security][doc][reserved-user-kibana]: routing [null]]
	at org.elasticsearch.action.support.single.shard.TransportSingleShardAction$AsyncSingleAction.perform(TransportSingleShardAction.java:209) ~[elasticsearch-6.2.2.jar:6.2.2]
	at org.elasticsearch.action.support.single.shard.TransportSingleShardAction$AsyncSingleAction.start(TransportSingleShardAction.java:186) ~[elasticsearch-6.2.2.jar:6.2.2]
	at org.elasticsearch.action.support.single.shard.TransportSingleShardAction.doExecute(TransportSingleShardAction.java:95) ~[elasticsearch-6.2.2.jar:6.2.2]
	at org.elasticsearch.action.support.single.shard.TransportSingleShardAction.doExecute(TransportSingleShardAction.java:59) ~[elasticsearch-6.2.2.jar:6.2.2]
	at org.elasticsearch.action.support.TransportAction.doExecute(TransportAction.java:143) ~[elasticsearch-6.2.2.jar:6.2.2]
	at org.elasticsearch.action.support.TransportAction$RequestFilterChain.proceed(TransportAction.java:167) ~[elasticsearch-6.2.2.jar:6.2.2]
	at org.elasticsearch.xpack.security.action.filter.SecurityActionFilter.lambda$apply$0(SecurityActionFilter.java:103) ~[?:?]
	at org.elasticsearch.action.ActionListener$1.onResponse(ActionListener.java:60) ~[elasticsearch-6.2.2.jar:6.2.2]
	at org.elasticsearch.xpack.security.action.filter.SecurityActionFilter.lambda$authorizeRequest$4(SecurityActionFilter.java:188) ~[?:?]
	at org.elasticsearch.xpack.security.authz.AuthorizationUtils$AsyncAuthorizer.maybeRun(AuthorizationUtils.java:183) ~[?:?]
	at org.elasticsearch.xpack.security.authz.AuthorizationUtils$AsyncAuthorizer.setRunAsRoles(AuthorizationUtils.java:177) ~[?:?]
	at org.elasticsearch.xpack.security.authz.AuthorizationUtils$AsyncAuthorizer.authorize(AuthorizationUtils.java:165) ~[?:?]
	at org.elasticsearch.xpack.security.action.filter.SecurityActionFilter.authorizeRequest(SecurityActionFilter.java:190) ~[?:?]
	at org.elasticsearch.xpack.security.action.filter.SecurityActionFilter.lambda$applyInternal$3(SecurityActionFilter.java:166) ~[?:?]
	at org.elasticsearch.action.ActionListener$1.onResponse(ActionListener.java:60) ~[elasticsearch-6.2.2.jar:6.2.2]
	at org.elasticsearch.xpack.security.authc.AuthenticationService$Authenticator.lambda$authenticateAsync$2(AuthenticationService.java:184) ~[?:?]
	at org.elasticsearch.xpack.security.authc.AuthenticationService$Authenticator.lambda$lookForExistingAuthentication$4(AuthenticationService.java:217) ~[?:?]
	at org.elasticsearch.xpack.security.authc.AuthenticationService$Authenticator.lookForExistingAuthentication(AuthenticationService.java:228) ~[?:?]
	at org.elasticsearch.xpack.security.authc.AuthenticationService$Authenticator.authenticateAsync(AuthenticationService.java:182) ~[?:?]
	at org.elasticsearch.xpack.security.authc.AuthenticationService$Authenticator.access$000(AuthenticationService.java:143) ~[?:?]
	at org.elasticsearch.xpack.security.authc.AuthenticationService.authenticate(AuthenticationService.java:113) ~[?:?]
	at org.elasticsearch.xpack.security.action.filter.SecurityActionFilter.applyInternal(SecurityActionFilter.java:165) ~[?:?]
	at org.elasticsearch.xpack.security.action.filter.SecurityActionFilter.lambda$apply$2(SecurityActionFilter.java:117) ~[?:?]
	at org.elasticsearch.xpack.core.security.SecurityContext.executeAsUser(SecurityContext.java:107) ~[?:?]
	at org.elasticsearch.xpack.security.authz.AuthorizationUtils.switchUserBasedOnActionOriginAndExecute(AuthorizationUtils.java:117) ~[?:?]
	at org.elasticsearch.xpack.security.action.filter.SecurityActionFilter.apply(SecurityActionFilter.java:115) ~[?:?]
	at org.elasticsearch.action.support.TransportAction$RequestFilterChain.proceed(TransportAction.java:165) ~[elasticsearch-6.2.2.jar:6.2.2]
	at org.elasticsearch.action.support.TransportAction.execute(TransportAction.java:139) ~[elasticsearch-6.2.2.jar:6.2.2]
	at org.elasticsearch.action.support.TransportAction.execute(TransportAction.java:81) ~[elasticsearch-6.2.2.jar:6.2.2]
	at org.elasticsearch.client.node.NodeClient.executeLocally(NodeClient.java:83) ~[elasticsearch-6.2.2.jar:6.2.2]
	at org.elasticsearch.client.node.NodeClient.doExecute(NodeClient.java:72) ~[elasticsearch-6.2.2.jar:6.2.2]
	at org.elasticsearch.client.support.AbstractClient.execute(AbstractClient.java:405) ~[elasticsearch-6.2.2.jar:6.2.2]
	at org.elasticsearch.client.support.AbstractClient.get(AbstractClient.java:497) ~[elasticsearch-6.2.2.jar:6.2.2]
	at org.elasticsearch.xpack.core.ClientHelper.executeAsyncWithOrigin(ClientHelper.java:73) ~[?:?]
	at org.elasticsearch.xpack.security.authc.esnative.NativeUsersStore.lambda$getReservedUserInfo$16(NativeUsersStore.java:504) ~[?:?]
	at org.elasticsearch.xpack.security.support.IndexLifecycleManager.prepareIndexIfNeededThenExecute(IndexLifecycleManager.java:356) ~[?:?]
	at org.elasticsearch.xpack.security.SecurityLifecycleService.prepareIndexIfNeededThenExecute(SecurityLifecycleService.java:221) ~[?:?]
	at org.elasticsearch.xpack.security.authc.esnative.NativeUsersStore.getReservedUserInfo(NativeUsersStore.java:503) ~[?:?]
	at org.elasticsearch.xpack.security.authc.esnative.ReservedRealm.getUserInfo(ReservedRealm.java:203) ~[?:?]
	at org.elasticsearch.xpack.security.authc.esnative.ReservedRealm.doAuthenticate(ReservedRealm.java:99) ~[?:?]
	at org.elasticsearch.xpack.security.authc.support.CachingUsernamePasswordRealm.doAuthenticateAndCache(CachingUsernamePasswordRealm.java:161) ~[?:?]
	at org.elasticsearch.xpack.security.authc.support.CachingUsernamePasswordRealm.authenticateWithCache(CachingUsernamePasswordRealm.java:100) ~[?:?]
	at org.elasticsearch.xpack.security.authc.support.CachingUsernamePasswordRealm.authenticate(CachingUsernamePasswordRealm.java:85) ~[?:?]
	at org.elasticsearch.xpack.security.authc.AuthenticationService$Authenticator.lambda$consumeToken$13(AuthenticationService.java:274) ~[?:?]
	at org.elasticsearch.xpack.core.common.IteratingActionListener.run(IteratingActionListener.java:93) ~[?:?]
	at org.elasticsearch.xpack.security.authc.AuthenticationService$Authenticator.consumeToken(AuthenticationService.java:310) ~[?:?]
	at org.elasticsearch.xpack.security.authc.AuthenticationService$Authenticator.lambda$extractToken$9(AuthenticationService.java:246) ~[?:?]
	at org.elasticsearch.xpack.security.authc.AuthenticationService$Authenticator.extractToken(AuthenticationService.java:256) ~[?:?]
	at org.elasticsearch.xpack.security.authc.AuthenticationService$Authenticator.lambda$authenticateAsync$0(AuthenticationService.java:190) ~[?:?]
	at org.elasticsearch.action.ActionListener$1.onResponse(ActionListener.java:60) ~[elasticsearch-6.2.2.jar:6.2.2]
	at org.elasticsearch.xpack.security.authc.TokenService.getAndValidateToken(TokenService.java:313) ~[x-pack-security-6.2.2.jar:6.2.2]
	at org.elasticsearch.xpack.security.authc.AuthenticationService$Authenticator.lambda$authenticateAsync$2(AuthenticationService.java:186) ~[x-pack-security-6.2.2.jar:6.2.2]
	at org.elasticsearch.xpack.security.authc.AuthenticationService$Authenticator.lambda$lookForExistingAuthentication$4(AuthenticationService.java:217) ~[x-pack-security-6.2.2.jar:6.2.2]
	at org.elasticsearch.xpack.security.authc.AuthenticationService$Authenticator.lookForExistingAuthentication(AuthenticationService.java:228) [x-pack-security-6.2.2.jar:6.2.2]
	at org.elasticsearch.xpack.security.authc.AuthenticationService$Authenticator.authenticateAsync(AuthenticationService.java:182) [x-pack-security-6.2.2.jar:6.2.2]
	at org.elasticsearch.xpack.security.authc.AuthenticationService$Authenticator.access$000(AuthenticationService.java:143) [x-pack-security-6.2.2.jar:6.2.2]
	at org.elasticsearch.xpack.security.authc.AuthenticationService.authenticate(AuthenticationService.java:96) [x-pack-security-6.2.2.jar:6.2.2]
	at org.elasticsearch.xpack.security.rest.SecurityRestFilter.handleRequest(SecurityRestFilter.java:70) [x-pack-security-6.2.2.jar:6.2.2]
	at org.elasticsearch.rest.RestController.dispatchRequest(RestController.java:240) [elasticsearch-6.2.2.jar:6.2.2]
	at org.elasticsearch.rest.RestController.tryAllHandlers(RestController.java:336) [elasticsearch-6.2.2.jar:6.2.2]
	at org.elasticsearch.rest.RestController.dispatchRequest(RestController.java:174) [elasticsearch-6.2.2.jar:6.2.2]
	at org.elasticsearch.http.netty4.Netty4HttpServerTransport.dispatchRequest(Netty4HttpServerTransport.java:500) [transport-netty4-6.2.2.jar:6.2.2]
	at org.elasticsearch.http.netty4.Netty4HttpRequestHandler.channelRead0(Netty4HttpRequestHandler.java:80) [transport-netty4-6.2.2.jar:6.2.2]
	at io.netty.channel.SimpleChannelInboundHandler.channelRead(SimpleChannelInboundHandler.java:105) [netty-transport-4.1.16.Final.jar:4.1.16.Final]
	at io.netty.channel.AbstractChannelHandlerContext.invokeChannelRead(AbstractChannelHandlerContext.java:362) [netty-transport-4.1.16.Final.jar:4.1.16.Final]
	at io.netty.channel.AbstractChannelHandlerContext.invokeChannelRead(AbstractChannelHandlerContext.java:348) [netty-transport-4.1.16.Final.jar:4.1.16.Final]
	at io.netty.channel.AbstractChannelHandlerContext.fireChannelRead(AbstractChannelHandlerContext.java:340) [netty-transport-4.1.16.Final.jar:4.1.16.Final]
	at org.elasticsearch.http.netty4.pipelining.HttpPipeliningHandler.channelRead(HttpPipeliningHandler.java:68) [transport-netty4-6.2.2.jar:6.2.2]
	at io.netty.channel.AbstractChannelHandlerContext.invokeChannelRead(AbstractChannelHandlerContext.java:362) [netty-transport-4.1.16.Final.jar:4.1.16.Final]
	at io.netty.channel.AbstractChannelHandlerContext.invokeChannelRead(AbstractChannelHandlerContext.java:348) [netty-transport-4.1.16.Final.jar:4.1.16.Final]
	at io.netty.channel.AbstractChannelHandlerContext.fireChannelRead(AbstractChannelHandlerContext.java:340) [netty-transport-4.1.16.Final.jar:4.1.16.Final]
	at io.netty.handler.codec.MessageToMessageDecoder.channelRead(MessageToMessageDecoder.java:102) [netty-codec-4.1.16.Final.jar:4.1.16.Final]
	at io.netty.handler.codec.MessageToMessageCodec.channelRead(MessageToMessageCodec.java:111) [netty-codec-4.1.16.Final.jar:4.1.16.Final]
	at io.netty.channel.AbstractChannelHandlerContext.invokeChannelRead(AbstractChannelHandlerContext.java:362) [netty-transport-4.1.16.Final.jar:4.1.16.Final]
	at io.netty.channel.AbstractChannelHandlerContext.invokeChannelRead(AbstractChannelHandlerContext.java:348) [netty-transport-4.1.16.Final.jar:4.1.16.Final]
	at io.netty.channel.AbstractChannelHandlerContext.fireChannelRead(AbstractChannelHandlerContext.java:340) [netty-transport-4.1.16.Final.jar:4.1.16.Final]
	at io.netty.handler.codec.MessageToMessageDecoder.channelRead(MessageToMessageDecoder.java:102) [netty-codec-4.1.16.Final.jar:4.1.16.Final]
	at io.netty.channel.AbstractChannelHandlerContext.invokeChannelRead(AbstractChannelHandlerContext.java:362) [netty-transport-4.1.16.Final.jar:4.1.16.Final]
	at io.netty.channel.AbstractChannelHandlerContext.invokeChannelRead(AbstractChannelHandlerContext.java:348) [netty-transport-4.1.16.Final.jar:4.1.16.Final]
	at io.netty.channel.AbstractChannelHandlerContext.fireChannelRead(AbstractChannelHandlerContext.java:340) [netty-transport-4.1.16.Final.jar:4.1.16.Final]
	at io.netty.handler.codec.MessageToMessageDecoder.channelRead(MessageToMessageDecoder.java:102) [netty-codec-4.1.16.Final.jar:4.1.16.Final]
	at io.netty.channel.AbstractChannelHandlerContext.invokeChannelRead(AbstractChannelHandlerContext.java:362) [netty-transport-4.1.16.Final.jar:4.1.16.Final]
	at io.netty.channel.AbstractChannelHandlerContext.invokeChannelRead(AbstractChannelHandlerContext.java:348) [netty-transport-4.1.16.Final.jar:4.1.16.Final]
	at io.netty.channel.AbstractChannelHandlerContext.fireChannelRead(AbstractChannelHandlerContext.java:340) [netty-transport-4.1.16.Final.jar:4.1.16.Final]
	at io.netty.handler.codec.ByteToMessageDecoder.fireChannelRead(ByteToMessageDecoder.java:310) [netty-codec-4.1.16.Final.jar:4.1.16.Final]
	at io.netty.handler.codec.ByteToMessageDecoder.channelRead(ByteToMessageDecoder.java:284) [netty-codec-4.1.16.Final.jar:4.1.16.Final]
	at io.netty.channel.AbstractChannelHandlerContext.invokeChannelRead(AbstractChannelHandlerContext.java:362) [netty-transport-4.1.16.Final.jar:4.1.16.Final]
	at io.netty.channel.AbstractChannelHandlerContext.invokeChannelRead(AbstractChannelHandlerContext.java:348) [netty-transport-4.1.16.Final.jar:4.1.16.Final]
	at io.netty.channel.AbstractChannelHandlerContext.fireChannelRead(AbstractChannelHandlerContext.java:340) [netty-transport-4.1.16.Final.jar:4.1.16.Final]
	at io.netty.handler.timeout.IdleStateHandler.channelRead(IdleStateHandler.java:286) [netty-handler-4.1.16.Final.jar:4.1.16.Final]
	at io.netty.channel.AbstractChannelHandlerContext.invokeChannelRead(AbstractChannelHandlerContext.java:362) [netty-transport-4.1.16.Final.jar:4.1.16.Final]
	at io.netty.channel.AbstractChannelHandlerContext.invokeChannelRead(AbstractChannelHandlerContext.java:348) [netty-transport-4.1.16.Final.jar:4.1.16.Final]
	at io.netty.channel.AbstractChannelHandlerContext.fireChannelRead(AbstractChannelHandlerContext.java:340) [netty-transport-4.1.16.Final.jar:4.1.16.Final]
	at io.netty.channel.ChannelInboundHandlerAdapter.channelRead(ChannelInboundHandlerAdapter.java:86) [netty-transport-4.1.16.Final.jar:4.1.16.Final]
	at io.netty.channel.AbstractChannelHandlerContext.invokeChannelRead(AbstractChannelHandlerContext.java:362) [netty-transport-4.1.16.Final.jar:4.1.16.Final]
	at io.netty.channel.AbstractChannelHandlerContext.invokeChannelRead(AbstractChannelHandlerContext.java:348) [netty-transport-4.1.16.Final.jar:4.1.16.Final]
	at io.netty.channel.AbstractChannelHandlerContext.fireChannelRead(AbstractChannelHandlerContext.java:340) [netty-transport-4.1.16.Final.jar:4.1.16.Final]
	at io.netty.channel.DefaultChannelPipeline$HeadContext.channelRead(DefaultChannelPipeline.java:1359) [netty-transport-4.1.16.Final.jar:4.1.16.Final]
	at io.netty.channel.AbstractChannelHandlerContext.invokeChannelRead(AbstractChannelHandlerContext.java:362) [netty-transport-4.1.16.Final.jar:4.1.16.Final]
	at io.netty.channel.AbstractChannelHandlerContext.invokeChannelRead(AbstractChannelHandlerContext.java:348) [netty-transport-4.1.16.Final.jar:4.1.16.Final]
	at io.netty.channel.DefaultChannelPipeline.fireChannelRead(DefaultChannelPipeline.java:935) [netty-transport-4.1.16.Final.jar:4.1.16.Final]
	at io.netty.channel.nio.AbstractNioByteChannel$NioByteUnsafe.read(AbstractNioByteChannel.java:134) [netty-transport-4.1.16.Final.jar:4.1.16.Final]
	at io.netty.channel.nio.NioEventLoop.processSelectedKey(NioEventLoop.java:645) [netty-transport-4.1.16.Final.jar:4.1.16.Final]
	at io.netty.channel.nio.NioEventLoop.processSelectedKeysPlain(NioEventLoop.java:545) [netty-transport-4.1.16.Final.jar:4.1.16.Final]
	at io.netty.channel.nio.NioEventLoop.processSelectedKeys(NioEventLoop.java:499) [netty-transport-4.1.16.Final.jar:4.1.16.Final]
	at io.netty.channel.nio.NioEventLoop.run(NioEventLoop.java:459) [netty-transport-4.1.16.Final.jar:4.1.16.Final]
	at io.netty.util.concurrent.SingleThreadEventExecutor$5.run(SingleThreadEventExecutor.java:858) [netty-common-4.1.16.Final.jar:4.1.16.Final]
	at java.lang.Thread.run(Thread.java:748) [?:1.8.0_161]
[2018-03-15T12:55:54,744][INFO ][o.e.x.s.a.AuthenticationService] [8Pc6hVD] Authentication of [kibana] was terminated by realm [reserved] - failed to authenticate user [kibana]
[2018-03-15T12:55:54,777][ERROR][o.e.x.s.a.e.ReservedRealm] [8Pc6hVD] failed to retrieve password hash for reserved user [kibana]
org.elasticsearch.action.NoShardAvailableActionException: No shard available for [get [.security][doc][reserved-user-kibana]: routing [null]]
	at org.elasticsearch.action.support.single.shard.TransportSingleShardAction$AsyncSingleAction.perform(TransportSingleShardAction.java:209) ~[elasticsearch-6.2.2.jar:6.2.2]
	at org.elasticsearch.action.support.single.shard.TransportSingleShardAction$AsyncSingleAction.start(TransportSingleShardAction.java:186) ~[elasticsearch-6.2.2.jar:6.2.2]
	at org.elasticsearch.action.support.single.shard.TransportSingleShardAction.doExecute(TransportSingleShardAction.java:95) ~[elasticsearch-6.2.2.jar:6.2.2]
	at org.elasticsearch.action.support.single.shard.TransportSingleShardAction.doExecute(TransportSingleShardAction.java:59) ~[elasticsearch-6.2.2.jar:6.2.2]
	at org.elasticsearch.action.support.TransportAction.doExecute(TransportAction.java:143) ~[elasticsearch-6.2.2.jar:6.2.2]
	at org.elasticsearch.action.support.TransportAction$RequestFilterChain.proceed(TransportAction.java:167) ~[elasticsearch-6.2.2.jar:6.2.2]
	at org.elasticsearch.xpack.security.action.filter.SecurityActionFilter.lambda$apply$0(SecurityActionFilter.java:103) ~[?:?]
	at org.elasticsearch.action.ActionListener$1.onResponse(ActionListener.java:60) ~[elasticsearch-6.2.2.jar:6.2.2]
	at org.elasticsearch.xpack.security.action.filter.SecurityActionFilter.lambda$authorizeRequest$4(SecurityActionFilter.java:188) ~[?:?]
	at org.elasticsearch.xpack.security.authz.AuthorizationUtils$AsyncAuthorizer.maybeRun(AuthorizationUtils.java:183) ~[?:?]
	at org.elasticsearch.xpack.security.authz.AuthorizationUtils$AsyncAuthorizer.setRunAsRoles(AuthorizationUtils.java:177) ~[?:?]
	at org.elasticsearch.xpack.security.authz.AuthorizationUtils$AsyncAuthorizer.authorize(AuthorizationUtils.java:165) ~[?:?]
	at org.elasticsearch.xpack.security.action.filter.SecurityActionFilter.authorizeRequest(SecurityActionFilter.java:190) ~[?:?]
	at org.elasticsearch.xpack.security.action.filter.SecurityActionFilter.lambda$applyInternal$3(SecurityActionFilter.java:166) ~[?:?]
	at org.elasticsearch.action.ActionListener$1.onResponse(ActionListener.java:60) ~[elasticsearch-6.2.2.jar:6.2.2]
	at org.elasticsearch.xpack.security.authc.AuthenticationService$Authenticator.lambda$authenticateAsync$2(AuthenticationService.java:184) ~[?:?]
	at org.elasticsearch.xpack.security.authc.AuthenticationService$Authenticator.lambda$lookForExistingAuthentication$4(AuthenticationService.java:217) ~[?:?]
	at org.elasticsearch.xpack.security.authc.AuthenticationService$Authenticator.lookForExistingAuthentication(AuthenticationService.java:228) ~[?:?]
	at org.elasticsearch.xpack.security.authc.AuthenticationService$Authenticator.authenticateAsync(AuthenticationService.java:182) ~[?:?]
	at org.elasticsearch.xpack.security.authc.AuthenticationService$Authenticator.access$000(AuthenticationService.java:143) ~[?:?]
	at org.elasticsearch.xpack.security.authc.AuthenticationService.authenticate(AuthenticationService.java:113) ~[?:?]
	at org.elasticsearch.xpack.security.action.filter.SecurityActionFilter.applyInternal(SecurityActionFilter.java:165) ~[?:?]
	at org.elasticsearch.xpack.security.action.filter.SecurityActionFilter.lambda$apply$2(SecurityActionFilter.java:117) ~[?:?]
	at org.elasticsearch.xpack.core.security.SecurityContext.executeAsUser(SecurityContext.java:107) ~[?:?]
	at org.elasticsearch.xpack.security.authz.AuthorizationUtils.switchUserBasedOnActionOriginAndExecute(AuthorizationUtils.java:117) ~[?:?]
	at org.elasticsearch.xpack.security.action.filter.SecurityActionFilter.apply(SecurityActionFilter.java:115) ~[?:?]
	at org.elasticsearch.action.support.TransportAction$RequestFilterChain.proceed(TransportAction.java:165) ~[elasticsearch-6.2.2.jar:6.2.2]
	at org.elasticsearch.action.support.TransportAction.execute(TransportAction.java:139) ~[elasticsearch-6.2.2.jar:6.2.2]
	at org.elasticsearch.action.support.TransportAction.execute(TransportAction.java:81) ~[elasticsearch-6.2.2.jar:6.2.2]
	at org.elasticsearch.client.node.NodeClient.executeLocally(NodeClient.java:83) ~[elasticsearch-6.2.2.jar:6.2.2]
	at org.elasticsearch.client.node.NodeClient.doExecute(NodeClient.java:72) ~[elasticsearch-6.2.2.jar:6.2.2]
	at org.elasticsearch.client.support.AbstractClient.execute(AbstractClient.java:405) ~[elasticsearch-6.2.2.jar:6.2.2]
	at org.elasticsearch.client.support.AbstractClient.get(AbstractClient.java:497) ~[elasticsearch-6.2.2.jar:6.2.2]
	at org.elasticsearch.xpack.core.ClientHelper.executeAsyncWithOrigin(ClientHelper.java:73) ~[?:?]
	at org.elasticsearch.xpack.security.authc.esnative.NativeUsersStore.lambda$getReservedUserInfo$16(NativeUsersStore.java:504) ~[?:?]
	at org.elasticsearch.xpack.security.support.IndexLifecycleManager.prepareIndexIfNeededThenExecute(IndexLifecycleManager.java:356) ~[?:?]
	at org.elasticsearch.xpack.security.SecurityLifecycleService.prepareIndexIfNeededThenExecute(SecurityLifecycleService.java:221) ~[?:?]
	at org.elasticsearch.xpack.security.authc.esnative.NativeUsersStore.getReservedUserInfo(NativeUsersStore.java:503) ~[?:?]
	at org.elasticsearch.xpack.security.authc.esnative.ReservedRealm.getUserInfo(ReservedRealm.java:203) ~[?:?]
	at org.elasticsearch.xpack.security.authc.esnative.ReservedRealm.doAuthenticate(ReservedRealm.java:99) ~[?:?]
	at org.elasticsearch.xpack.security.authc.support.CachingUsernamePasswordRealm.doAuthenticateAndCache(CachingUsernamePasswordRealm.java:161) ~[?:?]
	at org.elasticsearch.xpack.security.authc.support.CachingUsernamePasswordRealm.authenticateWithCache(CachingUsernamePasswordRealm.java:100) ~[?:?]
	at org.elasticsearch.xpack.security.authc.support.CachingUsernamePasswordRealm.authenticate(CachingUsernamePasswordRealm.java:85) ~[?:?]
	at org.elasticsearch.xpack.security.authc.AuthenticationService$Authenticator.lambda$consumeToken$13(AuthenticationService.java:274) ~[?:?]
	at org.elasticsearch.xpack.core.common.IteratingActionListener.run(IteratingActionListener.java:93) ~[?:?]
	at org.elasticsearch.xpack.security.authc.AuthenticationService$Authenticator.consumeToken(AuthenticationService.java:310) ~[?:?]
	at org.elasticsearch.xpack.security.authc.AuthenticationService$Authenticator.lambda$extractToken$9(AuthenticationService.java:246) ~[?:?]
	at org.elasticsearch.xpack.security.authc.AuthenticationService$Authenticator.extractToken(AuthenticationService.java:256) ~[?:?]
	at org.elasticsearch.xpack.security.authc.AuthenticationService$Authenticator.lambda$authenticateAsync$0(AuthenticationService.java:190) ~[?:?]
	at org.elasticsearch.action.ActionListener$1.onResponse(ActionListener.java:60) ~[elasticsearch-6.2.2.jar:6.2.2]
	at org.elasticsearch.xpack.security.authc.TokenService.getAndValidateToken(TokenService.java:313) ~[x-pack-security-6.2.2.jar:6.2.2]
	at org.elasticsearch.xpack.security.authc.AuthenticationService$Authenticator.lambda$authenticateAsync$2(AuthenticationService.java:186) ~[x-pack-security-6.2.2.jar:6.2.2]
	at org.elasticsearch.xpack.security.authc.AuthenticationService$Authenticator.lambda$lookForExistingAuthentication$4(AuthenticationService.java:217) ~[x-pack-security-6.2.2.jar:6.2.2]
	at org.elasticsearch.xpack.security.authc.AuthenticationService$Authenticator.lookForExistingAuthentication(AuthenticationService.java:228) [x-pack-security-6.2.2.jar:6.2.2]
	at org.elasticsearch.xpack.security.authc.AuthenticationService$Authenticator.authenticateAsync(AuthenticationService.java:182) [x-pack-security-6.2.2.jar:6.2.2]
	at org.elasticsearch.xpack.security.authc.AuthenticationService$Authenticator.access$000(AuthenticationService.java:143) [x-pack-security-6.2.2.jar:6.2.2]
	at org.elasticsearch.xpack.security.authc.AuthenticationService.authenticate(AuthenticationService.java:96) [x-pack-security-6.2.2.jar:6.2.2]
	at org.elasticsearch.xpack.security.rest.SecurityRestFilter.handleRequest(SecurityRestFilter.java:70) [x-pack-security-6.2.2.jar:6.2.2]
	at org.elasticsearch.rest.RestController.dispatchRequest(RestController.java:240) [elasticsearch-6.2.2.jar:6.2.2]
	at org.elasticsearch.rest.RestController.tryAllHandlers(RestController.java:336) [elasticsearch-6.2.2.jar:6.2.2]
	at org.elasticsearch.rest.RestController.dispatchRequest(RestController.java:174) [elasticsearch-6.2.2.jar:6.2.2]
	at org.elasticsearch.http.netty4.Netty4HttpServerTransport.dispatchRequest(Netty4HttpServerTransport.java:500) [transport-netty4-6.2.2.jar:6.2.2]
	at org.elasticsearch.http.netty4.Netty4HttpRequestHandler.channelRead0(Netty4HttpRequestHandler.java:80) [transport-netty4-6.2.2.jar:6.2.2]
	at io.netty.channel.SimpleChannelInboundHandler.channelRead(SimpleChannelInboundHandler.java:105) [netty-transport-4.1.16.Final.jar:4.1.16.Final]
	at io.netty.channel.AbstractChannelHandlerContext.invokeChannelRead(AbstractChannelHandlerContext.java:362) [netty-transport-4.1.16.Final.jar:4.1.16.Final]
	at io.netty.channel.AbstractChannelHandlerContext.invokeChannelRead(AbstractChannelHandlerContext.java:348) [netty-transport-4.1.16.Final.jar:4.1.16.Final]
	at io.netty.channel.AbstractChannelHandlerContext.fireChannelRead(AbstractChannelHandlerContext.java:340) [netty-transport-4.1.16.Final.jar:4.1.16.Final]
	at org.elasticsearch.http.netty4.pipelining.HttpPipeliningHandler.channelRead(HttpPipeliningHandler.java:68) [transport-netty4-6.2.2.jar:6.2.2]
	at io.netty.channel.AbstractChannelHandlerContext.invokeChannelRead(AbstractChannelHandlerContext.java:362) [netty-transport-4.1.16.Final.jar:4.1.16.Final]
	at io.netty.channel.AbstractChannelHandlerContext.invokeChannelRead(AbstractChannelHandlerContext.java:348) [netty-transport-4.1.16.Final.jar:4.1.16.Final]
	at io.netty.channel.AbstractChannelHandlerContext.fireChannelRead(AbstractChannelHandlerContext.java:340) [netty-transport-4.1.16.Final.jar:4.1.16.Final]
	at io.netty.handler.codec.MessageToMessageDecoder.channelRead(MessageToMessageDecoder.java:102) [netty-codec-4.1.16.Final.jar:4.1.16.Final]
	at io.netty.handler.codec.MessageToMessageCodec.channelRead(MessageToMessageCodec.java:111) [netty-codec-4.1.16.Final.jar:4.1.16.Final]
	at io.netty.channel.AbstractChannelHandlerContext.invokeChannelRead(AbstractChannelHandlerContext.java:362) [netty-transport-4.1.16.Final.jar:4.1.16.Final]
	at io.netty.channel.AbstractChannelHandlerContext.invokeChannelRead(AbstractChannelHandlerContext.java:348) [netty-transport-4.1.16.Final.jar:4.1.16.Final]
	at io.netty.channel.AbstractChannelHandlerContext.fireChannelRead(AbstractChannelHandlerContext.java:340) [netty-transport-4.1.16.Final.jar:4.1.16.Final]
	at io.netty.handler.codec.MessageToMessageDecoder.channelRead(MessageToMessageDecoder.java:102) [netty-codec-4.1.16.Final.jar:4.1.16.Final]
	at io.netty.channel.AbstractChannelHandlerContext.invokeChannelRead(AbstractChannelHandlerContext.java:362) [netty-transport-4.1.16.Final.jar:4.1.16.Final]
	at io.netty.channel.AbstractChannelHandlerContext.invokeChannelRead(AbstractChannelHandlerContext.java:348) [netty-transport-4.1.16.Final.jar:4.1.16.Final]
	at io.netty.channel.AbstractChannelHandlerContext.fireChannelRead(AbstractChannelHandlerContext.java:340) [netty-transport-4.1.16.Final.jar:4.1.16.Final]
	at io.netty.handler.codec.MessageToMessageDecoder.channelRead(MessageToMessageDecoder.java:102) [netty-codec-4.1.16.Final.jar:4.1.16.Final]
	at io.netty.channel.AbstractChannelHandlerContext.invokeChannelRead(AbstractChannelHandlerContext.java:362) [netty-transport-4.1.16.Final.jar:4.1.16.Final]
	at io.netty.channel.AbstractChannelHandlerContext.invokeChannelRead(AbstractChannelHandlerContext.java:348) [netty-transport-4.1.16.Final.jar:4.1.16.Final]
	at io.netty.channel.AbstractChannelHandlerContext.fireChannelRead(AbstractChannelHandlerContext.java:340) [netty-transport-4.1.16.Final.jar:4.1.16.Final]
	at io.netty.handler.codec.ByteToMessageDecoder.fireChannelRead(ByteToMessageDecoder.java:310) [netty-codec-4.1.16.Final.jar:4.1.16.Final]
	at io.netty.handler.codec.ByteToMessageDecoder.channelRead(ByteToMessageDecoder.java:284) [netty-codec-4.1.16.Final.jar:4.1.16.Final]
	at io.netty.channel.AbstractChannelHandlerContext.invokeChannelRead(AbstractChannelHandlerContext.java:362) [netty-transport-4.1.16.Final.jar:4.1.16.Final]
	at io.netty.channel.AbstractChannelHandlerContext.invokeChannelRead(AbstractChannelHandlerContext.java:348) [netty-transport-4.1.16.Final.jar:4.1.16.Final]
	at io.netty.channel.AbstractChannelHandlerContext.fireChannelRead(AbstractChannelHandlerContext.java:340) [netty-transport-4.1.16.Final.jar:4.1.16.Final]
	at io.netty.handler.timeout.IdleStateHandler.channelRead(IdleStateHandler.java:286) [netty-handler-4.1.16.Final.jar:4.1.16.Final]
	at io.netty.channel.AbstractChannelHandlerContext.invokeChannelRead(AbstractChannelHandlerContext.java:362) [netty-transport-4.1.16.Final.jar:4.1.16.Final]
	at io.netty.channel.AbstractChannelHandlerContext.invokeChannelRead(AbstractChannelHandlerContext.java:348) [netty-transport-4.1.16.Final.jar:4.1.16.Final]
	at io.netty.channel.AbstractChannelHandlerContext.fireChannelRead(AbstractChannelHandlerContext.java:340) [netty-transport-4.1.16.Final.jar:4.1.16.Final]
	at io.netty.channel.ChannelInboundHandlerAdapter.channelRead(ChannelInboundHandlerAdapter.java:86) [netty-transport-4.1.16.Final.jar:4.1.16.Final]
	at io.netty.channel.AbstractChannelHandlerContext.invokeChannelRead(AbstractChannelHandlerContext.java:362) [netty-transport-4.1.16.Final.jar:4.1.16.Final]
	at io.netty.channel.AbstractChannelHandlerContext.invokeChannelRead(AbstractChannelHandlerContext.java:348) [netty-transport-4.1.16.Final.jar:4.1.16.Final]
	at io.netty.channel.AbstractChannelHandlerContext.fireChannelRead(AbstractChannelHandlerContext.java:340) [netty-transport-4.1.16.Final.jar:4.1.16.Final]
	at io.netty.channel.DefaultChannelPipeline$HeadContext.channelRead(DefaultChannelPipeline.java:1359) [netty-transport-4.1.16.Final.jar:4.1.16.Final]
	at io.netty.channel.AbstractChannelHandlerContext.invokeChannelRead(AbstractChannelHandlerContext.java:362) [netty-transport-4.1.16.Final.jar:4.1.16.Final]
	at io.netty.channel.AbstractChannelHandlerContext.invokeChannelRead(AbstractChannelHandlerContext.java:348) [netty-transport-4.1.16.Final.jar:4.1.16.Final]
	at io.netty.channel.DefaultChannelPipeline.fireChannelRead(DefaultChannelPipeline.java:935) [netty-transport-4.1.16.Final.jar:4.1.16.Final]
	at io.netty.channel.nio.AbstractNioByteChannel$NioByteUnsafe.read(AbstractNioByteChannel.java:134) [netty-transport-4.1.16.Final.jar:4.1.16.Final]
	at io.netty.channel.nio.NioEventLoop.processSelectedKey(NioEventLoop.java:645) [netty-transport-4.1.16.Final.jar:4.1.16.Final]
	at io.netty.channel.nio.NioEventLoop.processSelectedKeysPlain(NioEventLoop.java:545) [netty-transport-4.1.16.Final.jar:4.1.16.Final]
	at io.netty.channel.nio.NioEventLoop.processSelectedKeys(NioEventLoop.java:499) [netty-transport-4.1.16.Final.jar:4.1.16.Final]
	at io.netty.channel.nio.NioEventLoop.run(NioEventLoop.java:459) [netty-transport-4.1.16.Final.jar:4.1.16.Final]
	at io.netty.util.concurrent.SingleThreadEventExecutor$5.run(SingleThreadEventExecutor.java:858) [netty-common-4.1.16.Final.jar:4.1.16.Final]
	at java.lang.Thread.run(Thread.java:748) [?:1.8.0_161]
[2018-03-15T12:55:54,790][INFO ][o.e.x.s.a.AuthenticationService] [8Pc6hVD] Authentication of [kibana] was terminated by realm [reserved] - failed to authenticate user [kibana]
[2018-03-15T12:55:57,518][INFO ][o.e.c.r.a.AllocationService] [8Pc6hVD] Cluster health status changed from [RED] to [GREEN] (reason: [shards started [[.watcher-history-7-2018.03.14][0], [.monitoring-kibana-6-2018.03.14][0], [.monitoring-es-6-2018.03.14][0]] ...]).
[2018-03-15T12:57:24,453][INFO ][o.e.x.m.j.p.NativeController] Native controller process has stopped - no new native processes can be started
[2018-03-15T12:57:24,455][INFO ][o.e.n.Node               ] [8Pc6hVD] stopping ...
[2018-03-15T12:57:24,465][INFO ][o.e.x.w.WatcherService   ] [8Pc6hVD] stopping watch service, reason [shutdown initiated]
[2018-03-15T12:57:27,679][INFO ][o.e.n.Node               ] [8Pc6hVD] stopped
[2018-03-15T12:57:27,679][INFO ][o.e.n.Node               ] [8Pc6hVD] closing ...
[2018-03-15T12:57:27,694][INFO ][o.e.n.Node               ] [8Pc6hVD] closed
